{"/home/runner/work/nanosplash/nanosplash/src/ts/core/Nanosplash/Nanosplash.ts": {"path":"/home/runner/work/nanosplash/nanosplash/src/ts/core/Nanosplash/Nanosplash.ts","all":false,"statementMap":{"0":{"start":{"line":1,"column":0},"end":{"line":1,"column":13}},"1":{"start":{"line":2,"column":0},"end":{"line":2,"column":0}},"2":{"start":{"line":3,"column":0},"end":{"line":3,"column":30}},"3":{"start":{"line":4,"column":0},"end":{"line":4,"column":0}},"4":{"start":{"line":5,"column":0},"end":{"line":5,"column":8}},"5":{"start":{"line":6,"column":0},"end":{"line":6,"column":15}},"6":{"start":{"line":7,"column":0},"end":{"line":7,"column":13}},"7":{"start":{"line":8,"column":0},"end":{"line":8,"column":13}},"8":{"start":{"line":9,"column":0},"end":{"line":9,"column":44}},"9":{"start":{"line":10,"column":0},"end":{"line":10,"column":75}},"10":{"start":{"line":11,"column":0},"end":{"line":11,"column":51}},"11":{"start":{"line":12,"column":0},"end":{"line":12,"column":38}},"12":{"start":{"line":13,"column":0},"end":{"line":13,"column":0}},"13":{"start":{"line":14,"column":0},"end":{"line":14,"column":3}},"14":{"start":{"line":15,"column":0},"end":{"line":15,"column":15}},"15":{"start":{"line":16,"column":0},"end":{"line":16,"column":74}},"16":{"start":{"line":17,"column":0},"end":{"line":17,"column":22}},"17":{"start":{"line":18,"column":0},"end":{"line":18,"column":47}},"18":{"start":{"line":19,"column":0},"end":{"line":19,"column":3}},"19":{"start":{"line":20,"column":0},"end":{"line":20,"column":49}},"20":{"start":{"line":21,"column":0},"end":{"line":21,"column":42}},"21":{"start":{"line":22,"column":0},"end":{"line":22,"column":74}},"22":{"start":{"line":23,"column":0},"end":{"line":23,"column":0}},"23":{"start":{"line":24,"column":0},"end":{"line":24,"column":32}},"24":{"start":{"line":25,"column":0},"end":{"line":25,"column":33}},"25":{"start":{"line":26,"column":0},"end":{"line":26,"column":0}},"26":{"start":{"line":27,"column":0},"end":{"line":27,"column":23}},"27":{"start":{"line":28,"column":0},"end":{"line":28,"column":32}},"28":{"start":{"line":29,"column":0},"end":{"line":29,"column":36}},"29":{"start":{"line":30,"column":0},"end":{"line":30,"column":2}},"30":{"start":{"line":31,"column":0},"end":{"line":31,"column":0}},"31":{"start":{"line":32,"column":0},"end":{"line":32,"column":4}},"32":{"start":{"line":33,"column":0},"end":{"line":33,"column":15}},"33":{"start":{"line":34,"column":0},"end":{"line":34,"column":4}},"34":{"start":{"line":35,"column":0},"end":{"line":35,"column":29}},"35":{"start":{"line":36,"column":0},"end":{"line":36,"column":16}},"36":{"start":{"line":37,"column":0},"end":{"line":37,"column":2}},"37":{"start":{"line":38,"column":0},"end":{"line":38,"column":0}},"38":{"start":{"line":39,"column":0},"end":{"line":39,"column":4}},"39":{"start":{"line":40,"column":0},"end":{"line":40,"column":15}},"40":{"start":{"line":41,"column":0},"end":{"line":41,"column":4}},"41":{"start":{"line":42,"column":0},"end":{"line":42,"column":40}},"42":{"start":{"line":43,"column":0},"end":{"line":43,"column":37}},"43":{"start":{"line":44,"column":0},"end":{"line":44,"column":2}},"44":{"start":{"line":45,"column":0},"end":{"line":45,"column":0}},"45":{"start":{"line":46,"column":0},"end":{"line":46,"column":4}},"46":{"start":{"line":47,"column":0},"end":{"line":47,"column":28}},"47":{"start":{"line":48,"column":0},"end":{"line":48,"column":50}},"48":{"start":{"line":49,"column":0},"end":{"line":49,"column":4}},"49":{"start":{"line":50,"column":0},"end":{"line":50,"column":47}},"50":{"start":{"line":51,"column":0},"end":{"line":51,"column":62}},"51":{"start":{"line":52,"column":0},"end":{"line":52,"column":2}},"52":{"start":{"line":53,"column":0},"end":{"line":53,"column":0}},"53":{"start":{"line":54,"column":0},"end":{"line":54,"column":4}},"54":{"start":{"line":55,"column":0},"end":{"line":55,"column":25}},"55":{"start":{"line":56,"column":0},"end":{"line":56,"column":47}},"56":{"start":{"line":57,"column":0},"end":{"line":57,"column":4}},"57":{"start":{"line":58,"column":0},"end":{"line":58,"column":44}},"58":{"start":{"line":59,"column":0},"end":{"line":59,"column":69}},"59":{"start":{"line":60,"column":0},"end":{"line":60,"column":2}},"60":{"start":{"line":61,"column":0},"end":{"line":61,"column":0}},"61":{"start":{"line":62,"column":0},"end":{"line":62,"column":4}},"62":{"start":{"line":63,"column":0},"end":{"line":63,"column":15}},"63":{"start":{"line":64,"column":0},"end":{"line":64,"column":4}},"64":{"start":{"line":65,"column":0},"end":{"line":65,"column":32}},"65":{"start":{"line":66,"column":0},"end":{"line":66,"column":38}},"66":{"start":{"line":67,"column":0},"end":{"line":67,"column":13}},"67":{"start":{"line":68,"column":0},"end":{"line":68,"column":2}},"68":{"start":{"line":69,"column":0},"end":{"line":69,"column":0}},"69":{"start":{"line":70,"column":0},"end":{"line":70,"column":4}},"70":{"start":{"line":71,"column":0},"end":{"line":71,"column":15}},"71":{"start":{"line":72,"column":0},"end":{"line":72,"column":4}},"72":{"start":{"line":73,"column":0},"end":{"line":73,"column":43}},"73":{"start":{"line":74,"column":0},"end":{"line":74,"column":42}},"74":{"start":{"line":75,"column":0},"end":{"line":75,"column":53}},"75":{"start":{"line":76,"column":0},"end":{"line":76,"column":13}},"76":{"start":{"line":77,"column":0},"end":{"line":77,"column":2}},"77":{"start":{"line":78,"column":0},"end":{"line":78,"column":0}},"78":{"start":{"line":79,"column":0},"end":{"line":79,"column":4}},"79":{"start":{"line":80,"column":0},"end":{"line":80,"column":15}},"80":{"start":{"line":81,"column":0},"end":{"line":81,"column":4}},"81":{"start":{"line":82,"column":0},"end":{"line":82,"column":32}},"82":{"start":{"line":83,"column":0},"end":{"line":83,"column":38}},"83":{"start":{"line":84,"column":0},"end":{"line":84,"column":13}},"84":{"start":{"line":85,"column":0},"end":{"line":85,"column":2}},"85":{"start":{"line":86,"column":0},"end":{"line":86,"column":0}},"86":{"start":{"line":87,"column":0},"end":{"line":87,"column":4}},"87":{"start":{"line":88,"column":0},"end":{"line":88,"column":15}},"88":{"start":{"line":89,"column":0},"end":{"line":89,"column":4}},"89":{"start":{"line":90,"column":0},"end":{"line":90,"column":24}},"90":{"start":{"line":91,"column":0},"end":{"line":91,"column":27}},"91":{"start":{"line":92,"column":0},"end":{"line":92,"column":55}},"92":{"start":{"line":93,"column":0},"end":{"line":93,"column":21}},"93":{"start":{"line":94,"column":0},"end":{"line":94,"column":2}},"94":{"start":{"line":95,"column":0},"end":{"line":95,"column":1}},"95":{"start":{"line":96,"column":0},"end":{"line":96,"column":0}},"96":{"start":{"line":97,"column":0},"end":{"line":97,"column":25}}},"s":{"0":1,"1":1,"2":1,"3":1,"4":1,"5":1,"6":1,"7":1,"8":1,"9":1,"10":1,"11":1,"12":1,"13":1,"14":1,"15":1,"16":1,"17":1,"18":1,"19":18,"20":18,"21":18,"22":18,"23":18,"24":18,"25":18,"26":18,"27":18,"28":18,"29":18,"30":18,"31":18,"32":18,"33":18,"34":18,"35":37,"36":37,"37":18,"38":18,"39":18,"40":18,"41":18,"42":79,"43":79,"44":18,"45":18,"46":18,"47":18,"48":18,"49":18,"50":50,"51":50,"52":18,"53":18,"54":18,"55":18,"56":18,"57":18,"58":49,"59":49,"60":18,"61":18,"62":18,"63":18,"64":18,"65":14,"66":14,"67":14,"68":18,"69":18,"70":18,"71":18,"72":18,"73":20,"74":20,"75":20,"76":20,"77":18,"78":18,"79":18,"80":18,"81":18,"82":9,"83":9,"84":9,"85":18,"86":18,"87":18,"88":18,"89":18,"90":10,"91":10,"92":10,"93":10,"94":18,"95":1,"96":1},"branchMap":{"0":{"type":"branch","line":20,"loc":{"start":{"line":20,"column":0},"end":{"line":95,"column":1}},"locations":[{"start":{"line":20,"column":0},"end":{"line":95,"column":1}}]},"1":{"type":"branch","line":22,"loc":{"start":{"line":22,"column":1},"end":{"line":22,"column":74}},"locations":[{"start":{"line":22,"column":1},"end":{"line":22,"column":74}}]},"2":{"type":"branch","line":27,"loc":{"start":{"line":27,"column":8},"end":{"line":30,"column":2}},"locations":[{"start":{"line":27,"column":8},"end":{"line":30,"column":2}}]},"3":{"type":"branch","line":35,"loc":{"start":{"line":35,"column":8},"end":{"line":37,"column":2}},"locations":[{"start":{"line":35,"column":8},"end":{"line":37,"column":2}}]},"4":{"type":"branch","line":42,"loc":{"start":{"line":42,"column":8},"end":{"line":44,"column":2}},"locations":[{"start":{"line":42,"column":8},"end":{"line":44,"column":2}}]},"5":{"type":"branch","line":50,"loc":{"start":{"line":50,"column":8},"end":{"line":52,"column":2}},"locations":[{"start":{"line":50,"column":8},"end":{"line":52,"column":2}}]},"6":{"type":"branch","line":58,"loc":{"start":{"line":58,"column":8},"end":{"line":60,"column":2}},"locations":[{"start":{"line":58,"column":8},"end":{"line":60,"column":2}}]},"7":{"type":"branch","line":65,"loc":{"start":{"line":65,"column":8},"end":{"line":68,"column":2}},"locations":[{"start":{"line":65,"column":8},"end":{"line":68,"column":2}}]},"8":{"type":"branch","line":73,"loc":{"start":{"line":73,"column":8},"end":{"line":77,"column":2}},"locations":[{"start":{"line":73,"column":8},"end":{"line":77,"column":2}}]},"9":{"type":"branch","line":75,"loc":{"start":{"line":75,"column":16},"end":{"line":75,"column":38}},"locations":[{"start":{"line":75,"column":16},"end":{"line":75,"column":38}}]},"10":{"type":"branch","line":75,"loc":{"start":{"line":75,"column":34},"end":{"line":75,"column":53}},"locations":[{"start":{"line":75,"column":34},"end":{"line":75,"column":53}}]},"11":{"type":"branch","line":82,"loc":{"start":{"line":82,"column":8},"end":{"line":85,"column":2}},"locations":[{"start":{"line":82,"column":8},"end":{"line":85,"column":2}}]},"12":{"type":"branch","line":90,"loc":{"start":{"line":90,"column":8},"end":{"line":94,"column":2}},"locations":[{"start":{"line":90,"column":8},"end":{"line":94,"column":2}}]},"13":{"type":"branch","line":91,"loc":{"start":{"line":91,"column":21},"end":{"line":91,"column":27}},"locations":[{"start":{"line":91,"column":21},"end":{"line":91,"column":27}}]}},"b":{"0":[18],"1":[4],"2":[18],"3":[37],"4":[79],"5":[50],"6":[49],"7":[14],"8":[20],"9":[8],"10":[12],"11":[9],"12":[10],"13":[0]},"fnMap":{"0":{"name":"<instance_members_initializer>","decl":{"start":{"line":20,"column":0},"end":{"line":95,"column":1}},"loc":{"start":{"line":20,"column":0},"end":{"line":95,"column":1}},"line":20},"1":{"name":"<static_initializer>","decl":{"start":{"line":22,"column":1},"end":{"line":22,"column":74}},"loc":{"start":{"line":22,"column":1},"end":{"line":22,"column":74}},"line":22},"2":{"name":"Nanosplash","decl":{"start":{"line":27,"column":8},"end":{"line":30,"column":2}},"loc":{"start":{"line":27,"column":8},"end":{"line":30,"column":2}},"line":27},"3":{"name":"getId","decl":{"start":{"line":35,"column":8},"end":{"line":37,"column":2}},"loc":{"start":{"line":35,"column":8},"end":{"line":37,"column":2}},"line":35},"4":{"name":"getNSElement","decl":{"start":{"line":42,"column":8},"end":{"line":44,"column":2}},"loc":{"start":{"line":42,"column":8},"end":{"line":44,"column":2}},"line":42},"5":{"name":"getNSContentElement","decl":{"start":{"line":50,"column":8},"end":{"line":52,"column":2}},"loc":{"start":{"line":50,"column":8},"end":{"line":52,"column":2}},"line":50},"6":{"name":"getNSTextElement","decl":{"start":{"line":58,"column":8},"end":{"line":60,"column":2}},"loc":{"start":{"line":58,"column":8},"end":{"line":60,"column":2}},"line":58},"7":{"name":"hideText","decl":{"start":{"line":65,"column":8},"end":{"line":68,"column":2}},"loc":{"start":{"line":65,"column":8},"end":{"line":68,"column":2}},"line":65},"8":{"name":"setText","decl":{"start":{"line":73,"column":8},"end":{"line":77,"column":2}},"loc":{"start":{"line":73,"column":8},"end":{"line":77,"column":2}},"line":73},"9":{"name":"showText","decl":{"start":{"line":82,"column":8},"end":{"line":85,"column":2}},"loc":{"start":{"line":82,"column":8},"end":{"line":85,"column":2}},"line":82},"10":{"name":"remove","decl":{"start":{"line":90,"column":8},"end":{"line":94,"column":2}},"loc":{"start":{"line":90,"column":8},"end":{"line":94,"column":2}},"line":90}},"f":{"0":18,"1":4,"2":18,"3":37,"4":79,"5":50,"6":49,"7":14,"8":20,"9":9,"10":10}}
,"/home/runner/work/nanosplash/nanosplash/src/ts/core/Nanosplash/repositories/NanosplashRepository.ts": {"path":"/home/runner/work/nanosplash/nanosplash/src/ts/core/Nanosplash/repositories/NanosplashRepository.ts","all":false,"statementMap":{"0":{"start":{"line":1,"column":0},"end":{"line":1,"column":13}},"1":{"start":{"line":2,"column":0},"end":{"line":2,"column":0}},"2":{"start":{"line":3,"column":0},"end":{"line":3,"column":3}},"3":{"start":{"line":4,"column":0},"end":{"line":4,"column":26}},"4":{"start":{"line":5,"column":0},"end":{"line":5,"column":69}},"5":{"start":{"line":6,"column":0},"end":{"line":6,"column":18}},"6":{"start":{"line":7,"column":0},"end":{"line":7,"column":25}},"7":{"start":{"line":8,"column":0},"end":{"line":8,"column":47}},"8":{"start":{"line":9,"column":0},"end":{"line":9,"column":3}},"9":{"start":{"line":10,"column":0},"end":{"line":10,"column":0}},"10":{"start":{"line":11,"column":0},"end":{"line":11,"column":49}},"11":{"start":{"line":12,"column":0},"end":{"line":12,"column":77}},"12":{"start":{"line":13,"column":0},"end":{"line":13,"column":38}},"13":{"start":{"line":14,"column":0},"end":{"line":14,"column":61}},"14":{"start":{"line":15,"column":0},"end":{"line":15,"column":0}},"15":{"start":{"line":16,"column":0},"end":{"line":16,"column":3}},"16":{"start":{"line":17,"column":0},"end":{"line":17,"column":11}},"17":{"start":{"line":18,"column":0},"end":{"line":18,"column":38}},"18":{"start":{"line":19,"column":0},"end":{"line":19,"column":3}},"19":{"start":{"line":20,"column":0},"end":{"line":20,"column":49}},"20":{"start":{"line":21,"column":0},"end":{"line":21,"column":40}},"21":{"start":{"line":22,"column":0},"end":{"line":22,"column":192}},"22":{"start":{"line":23,"column":0},"end":{"line":23,"column":13}},"23":{"start":{"line":24,"column":0},"end":{"line":24,"column":36}},"24":{"start":{"line":25,"column":0},"end":{"line":25,"column":1}},"25":{"start":{"line":26,"column":0},"end":{"line":26,"column":0}},"26":{"start":{"line":27,"column":0},"end":{"line":27,"column":3}},"27":{"start":{"line":28,"column":0},"end":{"line":28,"column":26}},"28":{"start":{"line":29,"column":0},"end":{"line":29,"column":67}},"29":{"start":{"line":30,"column":0},"end":{"line":30,"column":30}},"30":{"start":{"line":31,"column":0},"end":{"line":31,"column":73}},"31":{"start":{"line":32,"column":0},"end":{"line":32,"column":72}},"32":{"start":{"line":33,"column":0},"end":{"line":33,"column":74}},"33":{"start":{"line":34,"column":0},"end":{"line":34,"column":73}},"34":{"start":{"line":35,"column":0},"end":{"line":35,"column":64}},"35":{"start":{"line":36,"column":0},"end":{"line":36,"column":3}},"36":{"start":{"line":37,"column":0},"end":{"line":37,"column":35}},"37":{"start":{"line":38,"column":0},"end":{"line":38,"column":15}},"38":{"start":{"line":39,"column":0},"end":{"line":39,"column":25}},"39":{"start":{"line":40,"column":0},"end":{"line":40,"column":9}},"40":{"start":{"line":41,"column":0},"end":{"line":41,"column":71}},"41":{"start":{"line":42,"column":0},"end":{"line":42,"column":34}},"42":{"start":{"line":43,"column":0},"end":{"line":43,"column":70}},"43":{"start":{"line":44,"column":0},"end":{"line":44,"column":9}},"44":{"start":{"line":45,"column":0},"end":{"line":45,"column":30}},"45":{"start":{"line":46,"column":0},"end":{"line":46,"column":2}},"46":{"start":{"line":47,"column":0},"end":{"line":47,"column":1}},"47":{"start":{"line":48,"column":0},"end":{"line":48,"column":0}},"48":{"start":{"line":49,"column":0},"end":{"line":49,"column":3}},"49":{"start":{"line":50,"column":0},"end":{"line":50,"column":22}},"50":{"start":{"line":51,"column":0},"end":{"line":51,"column":62}},"51":{"start":{"line":52,"column":0},"end":{"line":52,"column":88}},"52":{"start":{"line":53,"column":0},"end":{"line":53,"column":55}},"53":{"start":{"line":54,"column":0},"end":{"line":54,"column":3}},"54":{"start":{"line":55,"column":0},"end":{"line":55,"column":31}},"55":{"start":{"line":56,"column":0},"end":{"line":56,"column":25}},"56":{"start":{"line":57,"column":0},"end":{"line":57,"column":25}},"57":{"start":{"line":58,"column":0},"end":{"line":58,"column":9}},"58":{"start":{"line":59,"column":0},"end":{"line":59,"column":55}},"59":{"start":{"line":60,"column":0},"end":{"line":60,"column":1}},"60":{"start":{"line":61,"column":0},"end":{"line":61,"column":0}},"61":{"start":{"line":62,"column":0},"end":{"line":62,"column":3}},"62":{"start":{"line":63,"column":0},"end":{"line":63,"column":19}},"63":{"start":{"line":64,"column":0},"end":{"line":64,"column":69}},"64":{"start":{"line":65,"column":0},"end":{"line":65,"column":33}},"65":{"start":{"line":66,"column":0},"end":{"line":66,"column":78}},"66":{"start":{"line":67,"column":0},"end":{"line":67,"column":73}},"67":{"start":{"line":68,"column":0},"end":{"line":68,"column":3}},"68":{"start":{"line":69,"column":0},"end":{"line":69,"column":55}},"69":{"start":{"line":70,"column":0},"end":{"line":70,"column":55}},"70":{"start":{"line":71,"column":0},"end":{"line":71,"column":1}},"71":{"start":{"line":72,"column":0},"end":{"line":72,"column":0}},"72":{"start":{"line":73,"column":0},"end":{"line":73,"column":3}},"73":{"start":{"line":74,"column":0},"end":{"line":74,"column":17}},"74":{"start":{"line":75,"column":0},"end":{"line":75,"column":74}},"75":{"start":{"line":76,"column":0},"end":{"line":76,"column":33}},"76":{"start":{"line":77,"column":0},"end":{"line":77,"column":78}},"77":{"start":{"line":78,"column":0},"end":{"line":78,"column":76}},"78":{"start":{"line":79,"column":0},"end":{"line":79,"column":3}},"79":{"start":{"line":80,"column":0},"end":{"line":80,"column":55}},"80":{"start":{"line":81,"column":0},"end":{"line":81,"column":58}},"81":{"start":{"line":82,"column":0},"end":{"line":82,"column":1}},"82":{"start":{"line":83,"column":0},"end":{"line":83,"column":0}},"83":{"start":{"line":84,"column":0},"end":{"line":84,"column":3}},"84":{"start":{"line":85,"column":0},"end":{"line":85,"column":17}},"85":{"start":{"line":86,"column":0},"end":{"line":86,"column":57}},"86":{"start":{"line":87,"column":0},"end":{"line":87,"column":34}},"87":{"start":{"line":88,"column":0},"end":{"line":88,"column":64}},"88":{"start":{"line":89,"column":0},"end":{"line":89,"column":3}},"89":{"start":{"line":90,"column":0},"end":{"line":90,"column":57}},"90":{"start":{"line":91,"column":0},"end":{"line":91,"column":31}},"91":{"start":{"line":92,"column":0},"end":{"line":92,"column":1}},"92":{"start":{"line":93,"column":0},"end":{"line":93,"column":0}},"93":{"start":{"line":94,"column":0},"end":{"line":94,"column":3}},"94":{"start":{"line":95,"column":0},"end":{"line":95,"column":17}},"95":{"start":{"line":96,"column":0},"end":{"line":96,"column":57}},"96":{"start":{"line":97,"column":0},"end":{"line":97,"column":34}},"97":{"start":{"line":98,"column":0},"end":{"line":98,"column":64}},"98":{"start":{"line":99,"column":0},"end":{"line":99,"column":3}},"99":{"start":{"line":100,"column":0},"end":{"line":100,"column":57}},"100":{"start":{"line":101,"column":0},"end":{"line":101,"column":31}},"101":{"start":{"line":102,"column":0},"end":{"line":102,"column":1}},"102":{"start":{"line":103,"column":0},"end":{"line":103,"column":0}},"103":{"start":{"line":104,"column":0},"end":{"line":104,"column":3}},"104":{"start":{"line":105,"column":0},"end":{"line":105,"column":14}},"105":{"start":{"line":106,"column":0},"end":{"line":106,"column":69}},"106":{"start":{"line":107,"column":0},"end":{"line":107,"column":46}},"107":{"start":{"line":108,"column":0},"end":{"line":108,"column":40}},"108":{"start":{"line":109,"column":0},"end":{"line":109,"column":68}},"109":{"start":{"line":110,"column":0},"end":{"line":110,"column":64}},"110":{"start":{"line":111,"column":0},"end":{"line":111,"column":61}},"111":{"start":{"line":112,"column":0},"end":{"line":112,"column":3}},"112":{"start":{"line":113,"column":0},"end":{"line":113,"column":76}},"113":{"start":{"line":114,"column":0},"end":{"line":114,"column":29}},"114":{"start":{"line":115,"column":0},"end":{"line":115,"column":0}},"115":{"start":{"line":116,"column":0},"end":{"line":116,"column":39}},"116":{"start":{"line":117,"column":0},"end":{"line":117,"column":44}},"117":{"start":{"line":118,"column":0},"end":{"line":118,"column":42}},"118":{"start":{"line":119,"column":0},"end":{"line":119,"column":20}},"119":{"start":{"line":120,"column":0},"end":{"line":120,"column":48}},"120":{"start":{"line":121,"column":0},"end":{"line":121,"column":35}},"121":{"start":{"line":122,"column":0},"end":{"line":122,"column":32}},"122":{"start":{"line":123,"column":0},"end":{"line":123,"column":14}},"123":{"start":{"line":124,"column":0},"end":{"line":124,"column":3}},"124":{"start":{"line":125,"column":0},"end":{"line":125,"column":9}},"125":{"start":{"line":126,"column":0},"end":{"line":126,"column":13}},"126":{"start":{"line":127,"column":0},"end":{"line":127,"column":2}},"127":{"start":{"line":128,"column":0},"end":{"line":128,"column":0}},"128":{"start":{"line":129,"column":0},"end":{"line":129,"column":12}},"129":{"start":{"line":130,"column":0},"end":{"line":130,"column":1}},"130":{"start":{"line":131,"column":0},"end":{"line":131,"column":0}},"131":{"start":{"line":132,"column":0},"end":{"line":132,"column":3}},"132":{"start":{"line":133,"column":0},"end":{"line":133,"column":18}},"133":{"start":{"line":134,"column":0},"end":{"line":134,"column":46}},"134":{"start":{"line":135,"column":0},"end":{"line":135,"column":71}},"135":{"start":{"line":136,"column":0},"end":{"line":136,"column":35}},"136":{"start":{"line":137,"column":0},"end":{"line":137,"column":78}},"137":{"start":{"line":138,"column":0},"end":{"line":138,"column":3}},"138":{"start":{"line":139,"column":0},"end":{"line":139,"column":56}},"139":{"start":{"line":140,"column":0},"end":{"line":140,"column":42}},"140":{"start":{"line":141,"column":0},"end":{"line":141,"column":1}},"141":{"start":{"line":142,"column":0},"end":{"line":142,"column":0}},"142":{"start":{"line":143,"column":0},"end":{"line":143,"column":3}},"143":{"start":{"line":144,"column":0},"end":{"line":144,"column":9}},"144":{"start":{"line":145,"column":0},"end":{"line":145,"column":38}},"145":{"start":{"line":146,"column":0},"end":{"line":146,"column":33}},"146":{"start":{"line":147,"column":0},"end":{"line":147,"column":43}},"147":{"start":{"line":148,"column":0},"end":{"line":148,"column":3}},"148":{"start":{"line":149,"column":0},"end":{"line":149,"column":75}},"149":{"start":{"line":150,"column":0},"end":{"line":150,"column":38}},"150":{"start":{"line":151,"column":0},"end":{"line":151,"column":48}},"151":{"start":{"line":152,"column":0},"end":{"line":152,"column":31}},"152":{"start":{"line":153,"column":0},"end":{"line":153,"column":42}},"153":{"start":{"line":154,"column":0},"end":{"line":154,"column":48}},"154":{"start":{"line":155,"column":0},"end":{"line":155,"column":1}},"155":{"start":{"line":156,"column":0},"end":{"line":156,"column":0}},"156":{"start":{"line":157,"column":0},"end":{"line":157,"column":3}},"157":{"start":{"line":158,"column":0},"end":{"line":158,"column":20}},"158":{"start":{"line":159,"column":0},"end":{"line":159,"column":72}},"159":{"start":{"line":160,"column":0},"end":{"line":160,"column":61}},"160":{"start":{"line":161,"column":0},"end":{"line":161,"column":62}},"161":{"start":{"line":162,"column":0},"end":{"line":162,"column":72}},"162":{"start":{"line":163,"column":0},"end":{"line":163,"column":3}},"163":{"start":{"line":164,"column":0},"end":{"line":164,"column":76}},"164":{"start":{"line":165,"column":0},"end":{"line":165,"column":46}},"165":{"start":{"line":166,"column":0},"end":{"line":166,"column":34}},"166":{"start":{"line":167,"column":0},"end":{"line":167,"column":55}},"167":{"start":{"line":168,"column":0},"end":{"line":168,"column":37}},"168":{"start":{"line":169,"column":0},"end":{"line":169,"column":68}},"169":{"start":{"line":170,"column":0},"end":{"line":170,"column":0}},"170":{"start":{"line":171,"column":0},"end":{"line":171,"column":31}},"171":{"start":{"line":172,"column":0},"end":{"line":172,"column":38}},"172":{"start":{"line":173,"column":0},"end":{"line":173,"column":45}},"173":{"start":{"line":174,"column":0},"end":{"line":174,"column":78}},"174":{"start":{"line":175,"column":0},"end":{"line":175,"column":2}},"175":{"start":{"line":176,"column":0},"end":{"line":176,"column":0}},"176":{"start":{"line":177,"column":0},"end":{"line":177,"column":12}},"177":{"start":{"line":178,"column":0},"end":{"line":178,"column":1}}},"s":{"0":1,"1":1,"2":1,"3":1,"4":1,"5":1,"6":1,"7":1,"8":1,"9":1,"10":1,"11":1,"12":1,"13":1,"14":1,"15":1,"16":1,"17":1,"18":1,"19":1,"20":20,"21":20,"22":20,"23":20,"24":20,"25":1,"26":1,"27":1,"28":1,"29":1,"30":1,"31":1,"32":1,"33":1,"34":1,"35":1,"36":1,"37":11,"38":11,"39":11,"40":11,"41":11,"42":0,"43":11,"44":11,"45":11,"46":11,"47":1,"48":1,"49":1,"50":1,"51":1,"52":1,"53":1,"54":1,"55":33,"56":33,"57":33,"58":33,"59":33,"60":1,"61":1,"62":1,"63":1,"64":1,"65":1,"66":1,"67":1,"68":1,"69":1,"70":1,"71":1,"72":1,"73":1,"74":1,"75":1,"76":1,"77":1,"78":1,"79":1,"80":10,"81":10,"82":1,"83":1,"84":1,"85":1,"86":1,"87":1,"88":1,"89":1,"90":10,"91":10,"92":1,"93":1,"94":1,"95":1,"96":1,"97":1,"98":1,"99":1,"100":15,"101":15,"102":1,"103":1,"104":1,"105":1,"106":1,"107":1,"108":1,"109":1,"110":1,"111":1,"112":1,"113":20,"114":20,"115":20,"116":9,"117":20,"118":11,"119":11,"120":0,"121":0,"122":0,"123":0,"124":0,"125":0,"126":0,"127":9,"128":9,"129":9,"130":1,"131":1,"132":1,"133":1,"134":1,"135":1,"136":1,"137":1,"138":1,"139":1,"140":1,"141":1,"142":1,"143":1,"144":1,"145":1,"146":1,"147":1,"148":1,"149":10,"150":10,"151":10,"152":10,"153":10,"154":10,"155":1,"156":1,"157":1,"158":1,"159":1,"160":1,"161":1,"162":1,"163":1,"164":11,"165":11,"166":11,"167":11,"168":11,"169":11,"170":11,"171":1,"172":1,"173":1,"174":1,"175":10,"176":10,"177":10},"branchMap":{"0":{"type":"branch","line":20,"loc":{"start":{"line":20,"column":7},"end":{"line":25,"column":1}},"locations":[{"start":{"line":20,"column":7},"end":{"line":25,"column":1}}]},"1":{"type":"branch","line":37,"loc":{"start":{"line":37,"column":7},"end":{"line":47,"column":1}},"locations":[{"start":{"line":37,"column":7},"end":{"line":47,"column":1}}]},"2":{"type":"branch","line":42,"loc":{"start":{"line":42,"column":33},"end":{"line":44,"column":8}},"locations":[{"start":{"line":42,"column":33},"end":{"line":44,"column":8}}]},"3":{"type":"branch","line":55,"loc":{"start":{"line":55,"column":7},"end":{"line":60,"column":1}},"locations":[{"start":{"line":55,"column":7},"end":{"line":60,"column":1}}]},"4":{"type":"branch","line":69,"loc":{"start":{"line":69,"column":7},"end":{"line":71,"column":1}},"locations":[{"start":{"line":69,"column":7},"end":{"line":71,"column":1}}]},"5":{"type":"branch","line":80,"loc":{"start":{"line":80,"column":7},"end":{"line":82,"column":1}},"locations":[{"start":{"line":80,"column":7},"end":{"line":82,"column":1}}]},"6":{"type":"branch","line":90,"loc":{"start":{"line":90,"column":7},"end":{"line":92,"column":1}},"locations":[{"start":{"line":90,"column":7},"end":{"line":92,"column":1}}]},"7":{"type":"branch","line":100,"loc":{"start":{"line":100,"column":7},"end":{"line":102,"column":1}},"locations":[{"start":{"line":100,"column":7},"end":{"line":102,"column":1}}]},"8":{"type":"branch","line":113,"loc":{"start":{"line":113,"column":7},"end":{"line":130,"column":1}},"locations":[{"start":{"line":113,"column":7},"end":{"line":130,"column":1}}]},"9":{"type":"branch","line":116,"loc":{"start":{"line":116,"column":38},"end":{"line":118,"column":12}},"locations":[{"start":{"line":116,"column":38},"end":{"line":118,"column":12}}]},"10":{"type":"branch","line":118,"loc":{"start":{"line":118,"column":1},"end":{"line":127,"column":2}},"locations":[{"start":{"line":118,"column":1},"end":{"line":127,"column":2}}]},"11":{"type":"branch","line":120,"loc":{"start":{"line":120,"column":1},"end":{"line":127,"column":2}},"locations":[{"start":{"line":120,"column":1},"end":{"line":127,"column":2}}]},"12":{"type":"branch","line":127,"loc":{"start":{"line":127,"column":1},"end":{"line":130,"column":1}},"locations":[{"start":{"line":127,"column":1},"end":{"line":130,"column":1}}]},"13":{"type":"branch","line":139,"loc":{"start":{"line":139,"column":7},"end":{"line":141,"column":1}},"locations":[{"start":{"line":139,"column":7},"end":{"line":141,"column":1}}]},"14":{"type":"branch","line":149,"loc":{"start":{"line":149,"column":7},"end":{"line":155,"column":1}},"locations":[{"start":{"line":149,"column":7},"end":{"line":155,"column":1}}]},"15":{"type":"branch","line":164,"loc":{"start":{"line":164,"column":7},"end":{"line":178,"column":1}},"locations":[{"start":{"line":164,"column":7},"end":{"line":178,"column":1}}]},"16":{"type":"branch","line":166,"loc":{"start":{"line":166,"column":23},"end":{"line":166,"column":34}},"locations":[{"start":{"line":166,"column":23},"end":{"line":166,"column":34}}]},"17":{"type":"branch","line":169,"loc":{"start":{"line":169,"column":33},"end":{"line":169,"column":68}},"locations":[{"start":{"line":169,"column":33},"end":{"line":169,"column":68}}]},"18":{"type":"branch","line":171,"loc":{"start":{"line":171,"column":30},"end":{"line":175,"column":2}},"locations":[{"start":{"line":171,"column":30},"end":{"line":175,"column":2}}]},"19":{"type":"branch","line":174,"loc":{"start":{"line":174,"column":69},"end":{"line":174,"column":78}},"locations":[{"start":{"line":174,"column":69},"end":{"line":174,"column":78}}]},"20":{"type":"branch","line":175,"loc":{"start":{"line":175,"column":1},"end":{"line":178,"column":1}},"locations":[{"start":{"line":175,"column":1},"end":{"line":178,"column":1}}]},"21":{"type":"branch","line":174,"loc":{"start":{"line":174,"column":32},"end":{"line":174,"column":69}},"locations":[{"start":{"line":174,"column":32},"end":{"line":174,"column":69}}]}},"b":{"0":[20],"1":[11],"2":[0],"3":[33],"4":[1],"5":[10],"6":[10],"7":[15],"8":[20],"9":[9],"10":[11],"11":[0],"12":[9],"13":[1],"14":[10],"15":[11],"16":[0],"17":[1],"18":[1],"19":[0],"20":[10],"21":[1]},"fnMap":{"0":{"name":"createElement","decl":{"start":{"line":20,"column":7},"end":{"line":25,"column":1}},"loc":{"start":{"line":20,"column":7},"end":{"line":25,"column":1}},"line":20},"1":{"name":"injectAsFirstChild","decl":{"start":{"line":37,"column":7},"end":{"line":47,"column":1}},"loc":{"start":{"line":37,"column":7},"end":{"line":47,"column":1}},"line":37},"2":{"name":"setNSHostClass","decl":{"start":{"line":55,"column":7},"end":{"line":60,"column":1}},"loc":{"start":{"line":55,"column":7},"end":{"line":60,"column":1}},"line":55},"3":{"name":"prepareParentOf","decl":{"start":{"line":69,"column":7},"end":{"line":71,"column":1}},"loc":{"start":{"line":69,"column":7},"end":{"line":71,"column":1}},"line":69},"4":{"name":"cleanNSParentOf","decl":{"start":{"line":80,"column":7},"end":{"line":82,"column":1}},"loc":{"start":{"line":80,"column":7},"end":{"line":82,"column":1}},"line":80},"5":{"name":"showElement","decl":{"start":{"line":90,"column":7},"end":{"line":92,"column":1}},"loc":{"start":{"line":90,"column":7},"end":{"line":92,"column":1}},"line":90},"6":{"name":"hideElement","decl":{"start":{"line":100,"column":7},"end":{"line":102,"column":1}},"loc":{"start":{"line":100,"column":7},"end":{"line":102,"column":1}},"line":100},"7":{"name":"nodeFrom","decl":{"start":{"line":113,"column":7},"end":{"line":130,"column":1}},"loc":{"start":{"line":113,"column":7},"end":{"line":130,"column":1}},"line":113},"8":{"name":"elementIsNS","decl":{"start":{"line":139,"column":7},"end":{"line":141,"column":1}},"loc":{"start":{"line":139,"column":7},"end":{"line":141,"column":1}},"line":139},"9":{"name":"move","decl":{"start":{"line":149,"column":7},"end":{"line":155,"column":1}},"loc":{"start":{"line":149,"column":7},"end":{"line":155,"column":1}},"line":149},"10":{"name":"getRecycledNS","decl":{"start":{"line":164,"column":7},"end":{"line":178,"column":1}},"loc":{"start":{"line":164,"column":7},"end":{"line":178,"column":1}},"line":164}},"f":{"0":20,"1":11,"2":33,"3":1,"4":10,"5":10,"6":15,"7":20,"8":1,"9":10,"10":11}}
,"/home/runner/work/nanosplash/nanosplash/src/ts/core/Nanosplash/services/NanosplashService.ts": {"path":"/home/runner/work/nanosplash/nanosplash/src/ts/core/Nanosplash/services/NanosplashService.ts","all":false,"statementMap":{"0":{"start":{"line":1,"column":0},"end":{"line":1,"column":13}},"1":{"start":{"line":2,"column":0},"end":{"line":2,"column":0}},"2":{"start":{"line":3,"column":0},"end":{"line":3,"column":38}},"3":{"start":{"line":4,"column":0},"end":{"line":4,"column":39}},"4":{"start":{"line":5,"column":0},"end":{"line":5,"column":8}},"5":{"start":{"line":6,"column":0},"end":{"line":6,"column":17}},"6":{"start":{"line":7,"column":0},"end":{"line":7,"column":15}},"7":{"start":{"line":8,"column":0},"end":{"line":8,"column":6}},"8":{"start":{"line":9,"column":0},"end":{"line":9,"column":10}},"9":{"start":{"line":10,"column":0},"end":{"line":10,"column":45}},"10":{"start":{"line":11,"column":0},"end":{"line":11,"column":77}},"11":{"start":{"line":12,"column":0},"end":{"line":12,"column":54}},"12":{"start":{"line":13,"column":0},"end":{"line":13,"column":63}},"13":{"start":{"line":14,"column":0},"end":{"line":14,"column":59}},"14":{"start":{"line":15,"column":0},"end":{"line":15,"column":0}},"15":{"start":{"line":16,"column":0},"end":{"line":16,"column":3}},"16":{"start":{"line":17,"column":0},"end":{"line":17,"column":23}},"17":{"start":{"line":18,"column":0},"end":{"line":18,"column":53}},"18":{"start":{"line":19,"column":0},"end":{"line":19,"column":76}},"19":{"start":{"line":20,"column":0},"end":{"line":20,"column":51}},"20":{"start":{"line":21,"column":0},"end":{"line":21,"column":18}},"21":{"start":{"line":22,"column":0},"end":{"line":22,"column":47}},"22":{"start":{"line":23,"column":0},"end":{"line":23,"column":3}},"23":{"start":{"line":24,"column":0},"end":{"line":24,"column":50}},"24":{"start":{"line":25,"column":0},"end":{"line":25,"column":49}},"25":{"start":{"line":26,"column":0},"end":{"line":26,"column":43}},"26":{"start":{"line":27,"column":0},"end":{"line":27,"column":0}},"27":{"start":{"line":28,"column":0},"end":{"line":28,"column":43}},"28":{"start":{"line":29,"column":0},"end":{"line":29,"column":0}},"29":{"start":{"line":30,"column":0},"end":{"line":30,"column":4}},"30":{"start":{"line":31,"column":0},"end":{"line":31,"column":17}},"31":{"start":{"line":32,"column":0},"end":{"line":32,"column":54}},"32":{"start":{"line":33,"column":0},"end":{"line":33,"column":12}},"33":{"start":{"line":34,"column":0},"end":{"line":34,"column":4}},"34":{"start":{"line":35,"column":0},"end":{"line":35,"column":24}},"35":{"start":{"line":36,"column":0},"end":{"line":36,"column":40}},"36":{"start":{"line":37,"column":0},"end":{"line":37,"column":2}},"37":{"start":{"line":38,"column":0},"end":{"line":38,"column":0}},"38":{"start":{"line":39,"column":0},"end":{"line":39,"column":4}},"39":{"start":{"line":40,"column":0},"end":{"line":40,"column":16}},"40":{"start":{"line":41,"column":0},"end":{"line":41,"column":44}},"41":{"start":{"line":42,"column":0},"end":{"line":42,"column":61}},"42":{"start":{"line":43,"column":0},"end":{"line":43,"column":70}},"43":{"start":{"line":44,"column":0},"end":{"line":44,"column":4}},"44":{"start":{"line":45,"column":0},"end":{"line":45,"column":57}},"45":{"start":{"line":46,"column":0},"end":{"line":46,"column":47}},"46":{"start":{"line":47,"column":0},"end":{"line":47,"column":2}},"47":{"start":{"line":48,"column":0},"end":{"line":48,"column":0}},"48":{"start":{"line":49,"column":0},"end":{"line":49,"column":4}},"49":{"start":{"line":50,"column":0},"end":{"line":50,"column":10}},"50":{"start":{"line":51,"column":0},"end":{"line":51,"column":45}},"51":{"start":{"line":52,"column":0},"end":{"line":52,"column":61}},"52":{"start":{"line":53,"column":0},"end":{"line":53,"column":70}},"53":{"start":{"line":54,"column":0},"end":{"line":54,"column":4}},"54":{"start":{"line":55,"column":0},"end":{"line":55,"column":63}},"55":{"start":{"line":56,"column":0},"end":{"line":56,"column":42}},"56":{"start":{"line":57,"column":0},"end":{"line":57,"column":2}},"57":{"start":{"line":58,"column":0},"end":{"line":58,"column":0}},"58":{"start":{"line":59,"column":0},"end":{"line":59,"column":4}},"59":{"start":{"line":60,"column":0},"end":{"line":60,"column":18}},"60":{"start":{"line":61,"column":0},"end":{"line":61,"column":31}},"61":{"start":{"line":62,"column":0},"end":{"line":62,"column":59}},"62":{"start":{"line":63,"column":0},"end":{"line":63,"column":4}},"63":{"start":{"line":64,"column":0},"end":{"line":64,"column":49}},"64":{"start":{"line":65,"column":0},"end":{"line":65,"column":36}},"65":{"start":{"line":66,"column":0},"end":{"line":66,"column":55}},"66":{"start":{"line":67,"column":0},"end":{"line":67,"column":3}},"67":{"start":{"line":68,"column":0},"end":{"line":68,"column":35}},"68":{"start":{"line":69,"column":0},"end":{"line":69,"column":2}},"69":{"start":{"line":70,"column":0},"end":{"line":70,"column":0}},"70":{"start":{"line":71,"column":0},"end":{"line":71,"column":4}},"71":{"start":{"line":72,"column":0},"end":{"line":72,"column":22}},"72":{"start":{"line":73,"column":0},"end":{"line":73,"column":56}},"73":{"start":{"line":74,"column":0},"end":{"line":74,"column":71}},"74":{"start":{"line":75,"column":0},"end":{"line":75,"column":38}},"75":{"start":{"line":76,"column":0},"end":{"line":76,"column":26}},"76":{"start":{"line":77,"column":0},"end":{"line":77,"column":4}},"77":{"start":{"line":78,"column":0},"end":{"line":78,"column":40}},"78":{"start":{"line":79,"column":0},"end":{"line":79,"column":70}},"79":{"start":{"line":80,"column":0},"end":{"line":80,"column":42}},"80":{"start":{"line":81,"column":0},"end":{"line":81,"column":19}},"81":{"start":{"line":82,"column":0},"end":{"line":82,"column":4}},"82":{"start":{"line":83,"column":0},"end":{"line":83,"column":2}},"83":{"start":{"line":84,"column":0},"end":{"line":84,"column":0}},"84":{"start":{"line":85,"column":0},"end":{"line":85,"column":4}},"85":{"start":{"line":86,"column":0},"end":{"line":86,"column":11}},"86":{"start":{"line":87,"column":0},"end":{"line":87,"column":70}},"87":{"start":{"line":88,"column":0},"end":{"line":88,"column":4}},"88":{"start":{"line":89,"column":0},"end":{"line":89,"column":30}},"89":{"start":{"line":90,"column":0},"end":{"line":90,"column":36}},"90":{"start":{"line":91,"column":0},"end":{"line":91,"column":41}},"91":{"start":{"line":92,"column":0},"end":{"line":92,"column":58}},"92":{"start":{"line":93,"column":0},"end":{"line":93,"column":55}},"93":{"start":{"line":94,"column":0},"end":{"line":94,"column":22}},"94":{"start":{"line":95,"column":0},"end":{"line":95,"column":38}},"95":{"start":{"line":96,"column":0},"end":{"line":96,"column":4}},"96":{"start":{"line":97,"column":0},"end":{"line":97,"column":4}},"97":{"start":{"line":98,"column":0},"end":{"line":98,"column":2}},"98":{"start":{"line":99,"column":0},"end":{"line":99,"column":0}},"99":{"start":{"line":100,"column":0},"end":{"line":100,"column":4}},"100":{"start":{"line":101,"column":0},"end":{"line":101,"column":23}},"101":{"start":{"line":102,"column":0},"end":{"line":102,"column":60}},"102":{"start":{"line":103,"column":0},"end":{"line":103,"column":32}},"103":{"start":{"line":104,"column":0},"end":{"line":104,"column":46}},"104":{"start":{"line":105,"column":0},"end":{"line":105,"column":4}},"105":{"start":{"line":106,"column":0},"end":{"line":106,"column":46}},"106":{"start":{"line":107,"column":0},"end":{"line":107,"column":29}},"107":{"start":{"line":108,"column":0},"end":{"line":108,"column":24}},"108":{"start":{"line":109,"column":0},"end":{"line":109,"column":23}},"109":{"start":{"line":110,"column":0},"end":{"line":110,"column":11}},"110":{"start":{"line":111,"column":0},"end":{"line":111,"column":2}},"111":{"start":{"line":112,"column":0},"end":{"line":112,"column":0}},"112":{"start":{"line":113,"column":0},"end":{"line":113,"column":4}},"113":{"start":{"line":114,"column":0},"end":{"line":114,"column":22}},"114":{"start":{"line":115,"column":0},"end":{"line":115,"column":52}},"115":{"start":{"line":116,"column":0},"end":{"line":116,"column":34}},"116":{"start":{"line":117,"column":0},"end":{"line":117,"column":40}},"117":{"start":{"line":118,"column":0},"end":{"line":118,"column":4}},"118":{"start":{"line":119,"column":0},"end":{"line":119,"column":53}},"119":{"start":{"line":120,"column":0},"end":{"line":120,"column":21}},"120":{"start":{"line":121,"column":0},"end":{"line":121,"column":13}},"121":{"start":{"line":122,"column":0},"end":{"line":122,"column":19}},"122":{"start":{"line":123,"column":0},"end":{"line":123,"column":2}},"123":{"start":{"line":124,"column":0},"end":{"line":124,"column":0}},"124":{"start":{"line":125,"column":0},"end":{"line":125,"column":4}},"125":{"start":{"line":126,"column":0},"end":{"line":126,"column":21}},"126":{"start":{"line":127,"column":0},"end":{"line":127,"column":46}},"127":{"start":{"line":128,"column":0},"end":{"line":128,"column":34}},"128":{"start":{"line":129,"column":0},"end":{"line":129,"column":75}},"129":{"start":{"line":130,"column":0},"end":{"line":130,"column":4}},"130":{"start":{"line":131,"column":0},"end":{"line":131,"column":57}},"131":{"start":{"line":132,"column":0},"end":{"line":132,"column":73}},"132":{"start":{"line":133,"column":0},"end":{"line":133,"column":28}},"133":{"start":{"line":134,"column":0},"end":{"line":134,"column":37}},"134":{"start":{"line":135,"column":0},"end":{"line":135,"column":19}},"135":{"start":{"line":136,"column":0},"end":{"line":136,"column":2}},"136":{"start":{"line":137,"column":0},"end":{"line":137,"column":0}},"137":{"start":{"line":138,"column":0},"end":{"line":138,"column":4}},"138":{"start":{"line":139,"column":0},"end":{"line":139,"column":15}},"139":{"start":{"line":140,"column":0},"end":{"line":140,"column":63}},"140":{"start":{"line":141,"column":0},"end":{"line":141,"column":38}},"141":{"start":{"line":142,"column":0},"end":{"line":142,"column":75}},"142":{"start":{"line":143,"column":0},"end":{"line":143,"column":4}},"143":{"start":{"line":144,"column":0},"end":{"line":144,"column":62}},"144":{"start":{"line":145,"column":0},"end":{"line":145,"column":32}},"145":{"start":{"line":146,"column":0},"end":{"line":146,"column":11}},"146":{"start":{"line":147,"column":0},"end":{"line":147,"column":26}},"147":{"start":{"line":148,"column":0},"end":{"line":148,"column":30}},"148":{"start":{"line":149,"column":0},"end":{"line":149,"column":3}},"149":{"start":{"line":150,"column":0},"end":{"line":150,"column":13}},"150":{"start":{"line":151,"column":0},"end":{"line":151,"column":2}},"151":{"start":{"line":152,"column":0},"end":{"line":152,"column":0}},"152":{"start":{"line":153,"column":0},"end":{"line":153,"column":4}},"153":{"start":{"line":154,"column":0},"end":{"line":154,"column":15}},"154":{"start":{"line":155,"column":0},"end":{"line":155,"column":4}},"155":{"start":{"line":156,"column":0},"end":{"line":156,"column":41}},"156":{"start":{"line":157,"column":0},"end":{"line":157,"column":39}},"157":{"start":{"line":158,"column":0},"end":{"line":158,"column":12}},"158":{"start":{"line":159,"column":0},"end":{"line":159,"column":23}},"159":{"start":{"line":160,"column":0},"end":{"line":160,"column":41}},"160":{"start":{"line":161,"column":0},"end":{"line":161,"column":3}},"161":{"start":{"line":162,"column":0},"end":{"line":162,"column":24}},"162":{"start":{"line":163,"column":0},"end":{"line":163,"column":19}},"163":{"start":{"line":164,"column":0},"end":{"line":164,"column":2}},"164":{"start":{"line":165,"column":0},"end":{"line":165,"column":0}},"165":{"start":{"line":166,"column":0},"end":{"line":166,"column":4}},"166":{"start":{"line":167,"column":0},"end":{"line":167,"column":15}},"167":{"start":{"line":168,"column":0},"end":{"line":168,"column":4}},"168":{"start":{"line":169,"column":0},"end":{"line":169,"column":19}},"169":{"start":{"line":170,"column":0},"end":{"line":170,"column":27}},"170":{"start":{"line":171,"column":0},"end":{"line":171,"column":15}},"171":{"start":{"line":172,"column":0},"end":{"line":172,"column":23}},"172":{"start":{"line":173,"column":0},"end":{"line":173,"column":71}},"173":{"start":{"line":174,"column":0},"end":{"line":174,"column":24}},"174":{"start":{"line":175,"column":0},"end":{"line":175,"column":42}},"175":{"start":{"line":176,"column":0},"end":{"line":176,"column":13}},"176":{"start":{"line":177,"column":0},"end":{"line":177,"column":24}},"177":{"start":{"line":178,"column":0},"end":{"line":178,"column":4}},"178":{"start":{"line":179,"column":0},"end":{"line":179,"column":25}},"179":{"start":{"line":180,"column":0},"end":{"line":180,"column":52}},"180":{"start":{"line":181,"column":0},"end":{"line":181,"column":20}},"181":{"start":{"line":182,"column":0},"end":{"line":182,"column":3}},"182":{"start":{"line":183,"column":0},"end":{"line":183,"column":0}},"183":{"start":{"line":184,"column":0},"end":{"line":184,"column":13}},"184":{"start":{"line":185,"column":0},"end":{"line":185,"column":2}},"185":{"start":{"line":186,"column":0},"end":{"line":186,"column":0}},"186":{"start":{"line":187,"column":0},"end":{"line":187,"column":4}},"187":{"start":{"line":188,"column":0},"end":{"line":188,"column":15}},"188":{"start":{"line":189,"column":0},"end":{"line":189,"column":4}},"189":{"start":{"line":190,"column":0},"end":{"line":190,"column":25}},"190":{"start":{"line":191,"column":0},"end":{"line":191,"column":50}},"191":{"start":{"line":192,"column":0},"end":{"line":192,"column":26}},"192":{"start":{"line":193,"column":0},"end":{"line":193,"column":4}},"193":{"start":{"line":194,"column":0},"end":{"line":194,"column":22}},"194":{"start":{"line":195,"column":0},"end":{"line":195,"column":2}},"195":{"start":{"line":196,"column":0},"end":{"line":196,"column":0}},"196":{"start":{"line":197,"column":0},"end":{"line":197,"column":4}},"197":{"start":{"line":198,"column":0},"end":{"line":198,"column":15}},"198":{"start":{"line":199,"column":0},"end":{"line":199,"column":4}},"199":{"start":{"line":200,"column":0},"end":{"line":200,"column":35}},"200":{"start":{"line":201,"column":0},"end":{"line":201,"column":31}},"201":{"start":{"line":202,"column":0},"end":{"line":202,"column":44}},"202":{"start":{"line":203,"column":0},"end":{"line":203,"column":2}},"203":{"start":{"line":204,"column":0},"end":{"line":204,"column":0}},"204":{"start":{"line":205,"column":0},"end":{"line":205,"column":4}},"205":{"start":{"line":206,"column":0},"end":{"line":206,"column":15}},"206":{"start":{"line":207,"column":0},"end":{"line":207,"column":4}},"207":{"start":{"line":208,"column":0},"end":{"line":208,"column":51}},"208":{"start":{"line":209,"column":0},"end":{"line":209,"column":61}},"209":{"start":{"line":210,"column":0},"end":{"line":210,"column":2}},"210":{"start":{"line":211,"column":0},"end":{"line":211,"column":0}},"211":{"start":{"line":212,"column":0},"end":{"line":212,"column":4}},"212":{"start":{"line":213,"column":0},"end":{"line":213,"column":15}},"213":{"start":{"line":214,"column":0},"end":{"line":214,"column":4}},"214":{"start":{"line":215,"column":0},"end":{"line":215,"column":65}},"215":{"start":{"line":216,"column":0},"end":{"line":216,"column":36}},"216":{"start":{"line":217,"column":0},"end":{"line":217,"column":73}},"217":{"start":{"line":218,"column":0},"end":{"line":218,"column":40}},"218":{"start":{"line":219,"column":0},"end":{"line":219,"column":2}},"219":{"start":{"line":220,"column":0},"end":{"line":220,"column":1}},"220":{"start":{"line":221,"column":0},"end":{"line":221,"column":0}},"221":{"start":{"line":222,"column":0},"end":{"line":222,"column":32}}},"s":{"0":1,"1":1,"2":1,"3":1,"4":1,"5":1,"6":1,"7":1,"8":1,"9":1,"10":1,"11":1,"12":1,"13":1,"14":1,"15":1,"16":1,"17":1,"18":1,"19":1,"20":1,"21":1,"22":1,"23":1,"24":1,"25":1,"26":1,"27":1,"28":1,"29":1,"30":1,"31":1,"32":1,"33":1,"34":1,"35":1,"36":1,"37":1,"38":1,"39":1,"40":1,"41":1,"42":1,"43":1,"44":1,"45":2,"46":2,"47":1,"48":1,"49":1,"50":1,"51":1,"52":1,"53":1,"54":1,"55":2,"56":2,"57":1,"58":1,"59":1,"60":1,"61":1,"62":1,"63":1,"64":6,"65":1,"66":1,"67":6,"68":6,"69":1,"70":1,"71":1,"72":1,"73":1,"74":1,"75":1,"76":1,"77":1,"78":2,"79":2,"80":2,"81":2,"82":2,"83":1,"84":1,"85":1,"86":1,"87":1,"88":1,"89":1,"90":1,"91":1,"92":1,"93":1,"94":1,"95":1,"96":1,"97":1,"98":1,"99":1,"100":1,"101":1,"102":1,"103":1,"104":1,"105":1,"106":9,"107":9,"108":9,"109":9,"110":9,"111":1,"112":1,"113":1,"114":1,"115":1,"116":1,"117":1,"118":1,"119":9,"120":9,"121":9,"122":9,"123":1,"124":1,"125":1,"126":1,"127":1,"128":1,"129":1,"130":1,"131":2,"132":2,"133":2,"134":2,"135":2,"136":1,"137":1,"138":1,"139":1,"140":1,"141":1,"142":1,"143":1,"144":2,"145":2,"146":2,"147":2,"148":2,"149":0,"150":2,"151":1,"152":1,"153":1,"154":1,"155":1,"156":3,"157":3,"158":3,"159":3,"160":3,"161":3,"162":3,"163":3,"164":1,"165":1,"166":1,"167":1,"168":1,"169":7,"170":7,"171":7,"172":7,"173":7,"174":6,"175":6,"176":6,"177":6,"178":6,"179":6,"180":6,"181":6,"182":1,"183":1,"184":7,"185":1,"186":1,"187":1,"188":1,"189":1,"190":2,"191":6,"192":2,"193":2,"194":2,"195":1,"196":1,"197":1,"198":1,"199":1,"200":1,"201":1,"202":1,"203":1,"204":1,"205":1,"206":1,"207":1,"208":1,"209":1,"210":1,"211":1,"212":1,"213":1,"214":1,"215":2,"216":2,"217":2,"218":2,"219":1,"220":1,"221":1},"branchMap":{"0":{"type":"branch","line":24,"loc":{"start":{"line":24,"column":0},"end":{"line":220,"column":1}},"locations":[{"start":{"line":24,"column":0},"end":{"line":220,"column":1}}]},"1":{"type":"branch","line":26,"loc":{"start":{"line":26,"column":1},"end":{"line":26,"column":43}},"locations":[{"start":{"line":26,"column":1},"end":{"line":26,"column":43}}]},"2":{"type":"branch","line":35,"loc":{"start":{"line":35,"column":9},"end":{"line":37,"column":2}},"locations":[{"start":{"line":35,"column":9},"end":{"line":37,"column":2}}]},"3":{"type":"branch","line":45,"loc":{"start":{"line":45,"column":9},"end":{"line":47,"column":2}},"locations":[{"start":{"line":45,"column":9},"end":{"line":47,"column":2}}]},"4":{"type":"branch","line":55,"loc":{"start":{"line":55,"column":9},"end":{"line":57,"column":2}},"locations":[{"start":{"line":55,"column":9},"end":{"line":57,"column":2}}]},"5":{"type":"branch","line":64,"loc":{"start":{"line":64,"column":15},"end":{"line":69,"column":2}},"locations":[{"start":{"line":64,"column":15},"end":{"line":69,"column":2}}]},"6":{"type":"branch","line":65,"loc":{"start":{"line":65,"column":35},"end":{"line":67,"column":3}},"locations":[{"start":{"line":65,"column":35},"end":{"line":67,"column":3}}]},"7":{"type":"branch","line":78,"loc":{"start":{"line":78,"column":16},"end":{"line":83,"column":2}},"locations":[{"start":{"line":78,"column":16},"end":{"line":83,"column":2}}]},"8":{"type":"branch","line":89,"loc":{"start":{"line":89,"column":15},"end":{"line":98,"column":2}},"locations":[{"start":{"line":89,"column":15},"end":{"line":98,"column":2}}]},"9":{"type":"branch","line":91,"loc":{"start":{"line":91,"column":34},"end":{"line":97,"column":3}},"locations":[{"start":{"line":91,"column":34},"end":{"line":97,"column":3}}]},"10":{"type":"branch","line":106,"loc":{"start":{"line":106,"column":9},"end":{"line":111,"column":2}},"locations":[{"start":{"line":106,"column":9},"end":{"line":111,"column":2}}]},"11":{"type":"branch","line":119,"loc":{"start":{"line":119,"column":9},"end":{"line":123,"column":2}},"locations":[{"start":{"line":119,"column":9},"end":{"line":123,"column":2}}]},"12":{"type":"branch","line":131,"loc":{"start":{"line":131,"column":9},"end":{"line":136,"column":2}},"locations":[{"start":{"line":131,"column":9},"end":{"line":136,"column":2}}]},"13":{"type":"branch","line":133,"loc":{"start":{"line":133,"column":17},"end":{"line":133,"column":28}},"locations":[{"start":{"line":133,"column":17},"end":{"line":133,"column":28}}]},"14":{"type":"branch","line":132,"loc":{"start":{"line":132,"column":29},"end":{"line":132,"column":72}},"locations":[{"start":{"line":132,"column":29},"end":{"line":132,"column":72}}]},"15":{"type":"branch","line":144,"loc":{"start":{"line":144,"column":9},"end":{"line":151,"column":2}},"locations":[{"start":{"line":144,"column":9},"end":{"line":151,"column":2}}]},"16":{"type":"branch","line":149,"loc":{"start":{"line":149,"column":2},"end":{"line":150,"column":13}},"locations":[{"start":{"line":149,"column":2},"end":{"line":150,"column":13}}]},"17":{"type":"branch","line":156,"loc":{"start":{"line":156,"column":8},"end":{"line":164,"column":2}},"locations":[{"start":{"line":156,"column":8},"end":{"line":164,"column":2}}]},"18":{"type":"branch","line":162,"loc":{"start":{"line":162,"column":13},"end":{"line":162,"column":23}},"locations":[{"start":{"line":162,"column":13},"end":{"line":162,"column":23}}]},"19":{"type":"branch","line":169,"loc":{"start":{"line":169,"column":8},"end":{"line":185,"column":2}},"locations":[{"start":{"line":169,"column":8},"end":{"line":185,"column":2}}]},"20":{"type":"branch","line":174,"loc":{"start":{"line":174,"column":23},"end":{"line":182,"column":3}},"locations":[{"start":{"line":174,"column":23},"end":{"line":182,"column":3}}]},"21":{"type":"branch","line":179,"loc":{"start":{"line":179,"column":14},"end":{"line":179,"column":24}},"locations":[{"start":{"line":179,"column":14},"end":{"line":179,"column":24}}]},"22":{"type":"branch","line":182,"loc":{"start":{"line":182,"column":2},"end":{"line":184,"column":13}},"locations":[{"start":{"line":182,"column":2},"end":{"line":184,"column":13}}]},"23":{"type":"branch","line":190,"loc":{"start":{"line":190,"column":8},"end":{"line":195,"column":2}},"locations":[{"start":{"line":190,"column":8},"end":{"line":195,"column":2}}]},"24":{"type":"branch","line":191,"loc":{"start":{"line":191,"column":29},"end":{"line":193,"column":3}},"locations":[{"start":{"line":191,"column":29},"end":{"line":193,"column":3}}]},"25":{"type":"branch","line":200,"loc":{"start":{"line":200,"column":8},"end":{"line":203,"column":2}},"locations":[{"start":{"line":200,"column":8},"end":{"line":203,"column":2}}]},"26":{"type":"branch","line":202,"loc":{"start":{"line":202,"column":36},"end":{"line":202,"column":44}},"locations":[{"start":{"line":202,"column":36},"end":{"line":202,"column":44}}]},"27":{"type":"branch","line":208,"loc":{"start":{"line":208,"column":8},"end":{"line":210,"column":2}},"locations":[{"start":{"line":208,"column":8},"end":{"line":210,"column":2}}]},"28":{"type":"branch","line":209,"loc":{"start":{"line":209,"column":23},"end":{"line":209,"column":60}},"locations":[{"start":{"line":209,"column":23},"end":{"line":209,"column":60}}]},"29":{"type":"branch","line":215,"loc":{"start":{"line":215,"column":8},"end":{"line":219,"column":2}},"locations":[{"start":{"line":215,"column":8},"end":{"line":219,"column":2}}]},"30":{"type":"branch","line":218,"loc":{"start":{"line":218,"column":9},"end":{"line":218,"column":36}},"locations":[{"start":{"line":218,"column":9},"end":{"line":218,"column":36}}]},"31":{"type":"branch","line":218,"loc":{"start":{"line":218,"column":32},"end":{"line":218,"column":40}},"locations":[{"start":{"line":218,"column":32},"end":{"line":218,"column":40}}]},"32":{"type":"branch","line":217,"loc":{"start":{"line":217,"column":13},"end":{"line":217,"column":73}},"locations":[{"start":{"line":217,"column":13},"end":{"line":217,"column":73}}]}},"b":{"0":[1],"1":[4],"2":[1],"3":[2],"4":[2],"5":[6],"6":[1],"7":[2],"8":[1],"9":[1],"10":[9],"11":[9],"12":[2],"13":[0],"14":[2],"15":[2],"16":[0],"17":[3],"18":[2],"19":[7],"20":[6],"21":[1],"22":[1],"23":[2],"24":[6],"25":[1],"26":[0],"27":[1],"28":[1],"29":[2],"30":[1],"31":[1],"32":[1]},"fnMap":{"0":{"name":"<instance_members_initializer>","decl":{"start":{"line":24,"column":0},"end":{"line":220,"column":1}},"loc":{"start":{"line":24,"column":0},"end":{"line":220,"column":1}},"line":24},"1":{"name":"<static_initializer>","decl":{"start":{"line":26,"column":1},"end":{"line":26,"column":43}},"loc":{"start":{"line":26,"column":1},"end":{"line":26,"column":43}},"line":26},"2":{"name":"NanosplashService","decl":{"start":{"line":35,"column":9},"end":{"line":37,"column":2}},"loc":{"start":{"line":35,"column":9},"end":{"line":37,"column":2}},"line":35},"3":{"name":"findIndex","decl":{"start":{"line":45,"column":9},"end":{"line":47,"column":2}},"loc":{"start":{"line":45,"column":9},"end":{"line":47,"column":2}},"line":45},"4":{"name":"find","decl":{"start":{"line":55,"column":9},"end":{"line":57,"column":2}},"loc":{"start":{"line":55,"column":9},"end":{"line":57,"column":2}},"line":55},"5":{"name":"getInstance","decl":{"start":{"line":64,"column":15},"end":{"line":69,"column":2}},"loc":{"start":{"line":64,"column":15},"end":{"line":69,"column":2}},"line":64},"6":{"name":"assignToWindow","decl":{"start":{"line":78,"column":16},"end":{"line":83,"column":2}},"loc":{"start":{"line":78,"column":16},"end":{"line":83,"column":2}},"line":78},"7":{"name":"start","decl":{"start":{"line":89,"column":15},"end":{"line":98,"column":2}},"loc":{"start":{"line":89,"column":15},"end":{"line":98,"column":2}},"line":89},"8":{"name":"createNS","decl":{"start":{"line":106,"column":9},"end":{"line":111,"column":2}},"loc":{"start":{"line":106,"column":9},"end":{"line":111,"column":2}},"line":106},"9":{"name":"cleanAndRemove","decl":{"start":{"line":119,"column":9},"end":{"line":123,"column":2}},"loc":{"start":{"line":119,"column":9},"end":{"line":123,"column":2}},"line":119},"10":{"name":"stackDelete","decl":{"start":{"line":131,"column":9},"end":{"line":136,"column":2}},"loc":{"start":{"line":131,"column":9},"end":{"line":136,"column":2}},"line":131},"11":{"name":"deleteNS","decl":{"start":{"line":144,"column":9},"end":{"line":151,"column":2}},"loc":{"start":{"line":144,"column":9},"end":{"line":151,"column":2}},"line":144},"12":{"name":"show","decl":{"start":{"line":156,"column":8},"end":{"line":164,"column":2}},"loc":{"start":{"line":156,"column":8},"end":{"line":164,"column":2}},"line":156},"13":{"name":"showInside","decl":{"start":{"line":169,"column":8},"end":{"line":185,"column":2}},"loc":{"start":{"line":169,"column":8},"end":{"line":185,"column":2}},"line":169},"14":{"name":"hideAll","decl":{"start":{"line":190,"column":8},"end":{"line":195,"column":2}},"loc":{"start":{"line":190,"column":8},"end":{"line":195,"column":2}},"line":190},"15":{"name":"hide","decl":{"start":{"line":200,"column":8},"end":{"line":203,"column":2}},"loc":{"start":{"line":200,"column":8},"end":{"line":203,"column":2}},"line":200},"16":{"name":"hideId","decl":{"start":{"line":208,"column":8},"end":{"line":210,"column":2}},"loc":{"start":{"line":208,"column":8},"end":{"line":210,"column":2}},"line":208},"17":{"name":"hideInside","decl":{"start":{"line":215,"column":8},"end":{"line":219,"column":2}},"loc":{"start":{"line":215,"column":8},"end":{"line":219,"column":2}},"line":215},"18":{"name":"cb","decl":{"start":{"line":217,"column":13},"end":{"line":217,"column":73}},"loc":{"start":{"line":217,"column":13},"end":{"line":217,"column":73}},"line":217}},"f":{"0":1,"1":4,"2":1,"3":2,"4":2,"5":6,"6":2,"7":1,"8":9,"9":9,"10":2,"11":2,"12":3,"13":7,"14":2,"15":1,"16":1,"17":2,"18":1}}
,"/home/runner/work/nanosplash/nanosplash/src/ts/util/Guid.ts": {"path":"/home/runner/work/nanosplash/nanosplash/src/ts/util/Guid.ts","all":false,"statementMap":{"0":{"start":{"line":1,"column":0},"end":{"line":1,"column":43}},"1":{"start":{"line":2,"column":0},"end":{"line":2,"column":0}},"2":{"start":{"line":3,"column":0},"end":{"line":3,"column":3}},"3":{"start":{"line":4,"column":0},"end":{"line":4,"column":9}},"4":{"start":{"line":5,"column":0},"end":{"line":5,"column":39}},"5":{"start":{"line":6,"column":0},"end":{"line":6,"column":3}},"6":{"start":{"line":7,"column":0},"end":{"line":7,"column":36}},"7":{"start":{"line":8,"column":0},"end":{"line":8,"column":70}},"8":{"start":{"line":9,"column":0},"end":{"line":9,"column":36}},"9":{"start":{"line":10,"column":0},"end":{"line":10,"column":43}},"10":{"start":{"line":11,"column":0},"end":{"line":11,"column":23}},"11":{"start":{"line":12,"column":0},"end":{"line":12,"column":3}},"12":{"start":{"line":13,"column":0},"end":{"line":13,"column":1}}},"s":{"0":1,"1":1,"2":1,"3":1,"4":1,"5":1,"6":1,"7":18,"8":558,"9":558,"10":558,"11":18,"12":18},"branchMap":{"0":{"type":"branch","line":7,"loc":{"start":{"line":7,"column":35},"end":{"line":13,"column":1}},"locations":[{"start":{"line":7,"column":35},"end":{"line":13,"column":1}}]},"1":{"type":"branch","line":8,"loc":{"start":{"line":8,"column":64},"end":{"line":12,"column":2}},"locations":[{"start":{"line":8,"column":64},"end":{"line":12,"column":2}}]},"2":{"type":"branch","line":10,"loc":{"start":{"line":10,"column":18},"end":{"line":10,"column":29}},"locations":[{"start":{"line":10,"column":18},"end":{"line":10,"column":29}}]},"3":{"type":"branch","line":10,"loc":{"start":{"line":10,"column":24},"end":{"line":10,"column":43}},"locations":[{"start":{"line":10,"column":24},"end":{"line":10,"column":43}}]}},"b":{"0":[18],"1":[558],"2":[540],"3":[18]},"fnMap":{"0":{"name":"guid","decl":{"start":{"line":7,"column":35},"end":{"line":13,"column":1}},"loc":{"start":{"line":7,"column":35},"end":{"line":13,"column":1}},"line":7}},"f":{"0":18}}
,"/home/runner/work/nanosplash/nanosplash/src/ts/util/Stack.ts": {"path":"/home/runner/work/nanosplash/nanosplash/src/ts/util/Stack.ts","all":false,"statementMap":{"0":{"start":{"line":1,"column":0},"end":{"line":1,"column":13}},"1":{"start":{"line":2,"column":0},"end":{"line":2,"column":0}},"2":{"start":{"line":3,"column":0},"end":{"line":3,"column":3}},"3":{"start":{"line":4,"column":0},"end":{"line":4,"column":26}},"4":{"start":{"line":5,"column":0},"end":{"line":5,"column":52}},"5":{"start":{"line":6,"column":0},"end":{"line":6,"column":47}},"6":{"start":{"line":7,"column":0},"end":{"line":7,"column":3}},"7":{"start":{"line":8,"column":0},"end":{"line":8,"column":16}},"8":{"start":{"line":9,"column":0},"end":{"line":9,"column":20}},"9":{"start":{"line":10,"column":0},"end":{"line":10,"column":0}},"10":{"start":{"line":11,"column":0},"end":{"line":11,"column":4}},"11":{"start":{"line":12,"column":0},"end":{"line":12,"column":27}},"12":{"start":{"line":13,"column":0},"end":{"line":13,"column":4}},"13":{"start":{"line":14,"column":0},"end":{"line":14,"column":16}},"14":{"start":{"line":15,"column":0},"end":{"line":15,"column":18}},"15":{"start":{"line":16,"column":0},"end":{"line":16,"column":2}},"16":{"start":{"line":17,"column":0},"end":{"line":17,"column":0}},"17":{"start":{"line":18,"column":0},"end":{"line":18,"column":4}},"18":{"start":{"line":19,"column":0},"end":{"line":19,"column":35}},"19":{"start":{"line":20,"column":0},"end":{"line":20,"column":4}},"20":{"start":{"line":21,"column":0},"end":{"line":21,"column":26}},"21":{"start":{"line":22,"column":0},"end":{"line":22,"column":20}},"22":{"start":{"line":23,"column":0},"end":{"line":23,"column":2}},"23":{"start":{"line":24,"column":0},"end":{"line":24,"column":0}},"24":{"start":{"line":25,"column":0},"end":{"line":25,"column":4}},"25":{"start":{"line":26,"column":0},"end":{"line":26,"column":41}},"26":{"start":{"line":27,"column":0},"end":{"line":27,"column":45}},"27":{"start":{"line":28,"column":0},"end":{"line":28,"column":4}},"28":{"start":{"line":29,"column":0},"end":{"line":29,"column":29}},"29":{"start":{"line":30,"column":0},"end":{"line":30,"column":24}},"30":{"start":{"line":31,"column":0},"end":{"line":31,"column":2}},"31":{"start":{"line":32,"column":0},"end":{"line":32,"column":0}},"32":{"start":{"line":33,"column":0},"end":{"line":33,"column":4}},"33":{"start":{"line":34,"column":0},"end":{"line":34,"column":57}},"34":{"start":{"line":35,"column":0},"end":{"line":35,"column":82}},"35":{"start":{"line":36,"column":0},"end":{"line":36,"column":4}},"36":{"start":{"line":37,"column":0},"end":{"line":37,"column":30}},"37":{"start":{"line":38,"column":0},"end":{"line":38,"column":26}},"38":{"start":{"line":39,"column":0},"end":{"line":39,"column":2}},"39":{"start":{"line":40,"column":0},"end":{"line":40,"column":0}},"40":{"start":{"line":41,"column":0},"end":{"line":41,"column":4}},"41":{"start":{"line":42,"column":0},"end":{"line":42,"column":65}},"42":{"start":{"line":43,"column":0},"end":{"line":43,"column":82}},"43":{"start":{"line":44,"column":0},"end":{"line":44,"column":4}},"44":{"start":{"line":45,"column":0},"end":{"line":45,"column":31}},"45":{"start":{"line":46,"column":0},"end":{"line":46,"column":44}},"46":{"start":{"line":47,"column":0},"end":{"line":47,"column":2}},"47":{"start":{"line":48,"column":0},"end":{"line":48,"column":0}},"48":{"start":{"line":49,"column":0},"end":{"line":49,"column":4}},"49":{"start":{"line":50,"column":0},"end":{"line":50,"column":56}},"50":{"start":{"line":51,"column":0},"end":{"line":51,"column":57}},"51":{"start":{"line":52,"column":0},"end":{"line":52,"column":4}},"52":{"start":{"line":53,"column":0},"end":{"line":53,"column":28}},"53":{"start":{"line":54,"column":0},"end":{"line":54,"column":33}},"54":{"start":{"line":55,"column":0},"end":{"line":55,"column":2}},"55":{"start":{"line":56,"column":0},"end":{"line":56,"column":0}},"56":{"start":{"line":57,"column":0},"end":{"line":57,"column":4}},"57":{"start":{"line":58,"column":0},"end":{"line":58,"column":45}},"58":{"start":{"line":59,"column":0},"end":{"line":59,"column":46}},"59":{"start":{"line":60,"column":0},"end":{"line":60,"column":4}},"60":{"start":{"line":61,"column":0},"end":{"line":61,"column":24}},"61":{"start":{"line":62,"column":0},"end":{"line":62,"column":27}},"62":{"start":{"line":63,"column":0},"end":{"line":63,"column":2}},"63":{"start":{"line":64,"column":0},"end":{"line":64,"column":0}},"64":{"start":{"line":65,"column":0},"end":{"line":65,"column":4}},"65":{"start":{"line":66,"column":0},"end":{"line":66,"column":37}},"66":{"start":{"line":67,"column":0},"end":{"line":67,"column":4}},"67":{"start":{"line":68,"column":0},"end":{"line":68,"column":23}},"68":{"start":{"line":69,"column":0},"end":{"line":69,"column":18}},"69":{"start":{"line":70,"column":0},"end":{"line":70,"column":2}},"70":{"start":{"line":71,"column":0},"end":{"line":71,"column":1}},"71":{"start":{"line":72,"column":0},"end":{"line":72,"column":0}},"72":{"start":{"line":73,"column":0},"end":{"line":73,"column":20}}},"s":{"0":1,"1":1,"2":1,"3":1,"4":1,"5":1,"6":1,"7":1,"8":7,"9":7,"10":7,"11":7,"12":7,"13":7,"14":7,"15":7,"16":7,"17":7,"18":7,"19":7,"20":7,"21":17,"22":17,"23":7,"24":7,"25":7,"26":7,"27":7,"28":7,"29":24,"30":24,"31":7,"32":7,"33":7,"34":7,"35":7,"36":7,"37":2,"38":2,"39":7,"40":7,"41":7,"42":7,"43":7,"44":7,"45":1,"46":1,"47":7,"48":7,"49":7,"50":7,"51":7,"52":7,"53":2,"54":2,"55":7,"56":7,"57":7,"58":7,"59":7,"60":7,"61":4,"62":4,"63":7,"64":7,"65":7,"66":7,"67":7,"68":3,"69":3,"70":7,"71":1,"72":1},"branchMap":{"0":{"type":"branch","line":8,"loc":{"start":{"line":8,"column":15},"end":{"line":71,"column":1}},"locations":[{"start":{"line":8,"column":15},"end":{"line":71,"column":1}}]},"1":{"type":"branch","line":14,"loc":{"start":{"line":14,"column":1},"end":{"line":16,"column":2}},"locations":[{"start":{"line":14,"column":1},"end":{"line":16,"column":2}}]},"2":{"type":"branch","line":21,"loc":{"start":{"line":21,"column":1},"end":{"line":23,"column":2}},"locations":[{"start":{"line":21,"column":1},"end":{"line":23,"column":2}}]},"3":{"type":"branch","line":29,"loc":{"start":{"line":29,"column":8},"end":{"line":31,"column":2}},"locations":[{"start":{"line":29,"column":8},"end":{"line":31,"column":2}}]},"4":{"type":"branch","line":37,"loc":{"start":{"line":37,"column":8},"end":{"line":39,"column":2}},"locations":[{"start":{"line":37,"column":8},"end":{"line":39,"column":2}}]},"5":{"type":"branch","line":45,"loc":{"start":{"line":45,"column":8},"end":{"line":47,"column":2}},"locations":[{"start":{"line":45,"column":8},"end":{"line":47,"column":2}}]},"6":{"type":"branch","line":53,"loc":{"start":{"line":53,"column":8},"end":{"line":55,"column":2}},"locations":[{"start":{"line":53,"column":8},"end":{"line":55,"column":2}}]},"7":{"type":"branch","line":61,"loc":{"start":{"line":61,"column":8},"end":{"line":63,"column":2}},"locations":[{"start":{"line":61,"column":8},"end":{"line":63,"column":2}}]},"8":{"type":"branch","line":68,"loc":{"start":{"line":68,"column":8},"end":{"line":70,"column":2}},"locations":[{"start":{"line":68,"column":8},"end":{"line":70,"column":2}}]}},"b":{"0":[7],"1":[7],"2":[17],"3":[24],"4":[2],"5":[1],"6":[2],"7":[4],"8":[3]},"fnMap":{"0":{"name":"<instance_members_initializer>","decl":{"start":{"line":8,"column":15},"end":{"line":71,"column":1}},"loc":{"start":{"line":8,"column":15},"end":{"line":71,"column":1}},"line":8},"1":{"name":"Stack","decl":{"start":{"line":14,"column":1},"end":{"line":16,"column":2}},"loc":{"start":{"line":14,"column":1},"end":{"line":16,"column":2}},"line":14},"2":{"name":"get items","decl":{"start":{"line":21,"column":1},"end":{"line":23,"column":2}},"loc":{"start":{"line":21,"column":1},"end":{"line":23,"column":2}},"line":21},"3":{"name":"push","decl":{"start":{"line":29,"column":8},"end":{"line":31,"column":2}},"loc":{"start":{"line":29,"column":8},"end":{"line":31,"column":2}},"line":29},"4":{"name":"pop","decl":{"start":{"line":37,"column":8},"end":{"line":39,"column":2}},"loc":{"start":{"line":37,"column":8},"end":{"line":39,"column":2}},"line":37},"5":{"name":"peek","decl":{"start":{"line":45,"column":8},"end":{"line":47,"column":2}},"loc":{"start":{"line":45,"column":8},"end":{"line":47,"column":2}},"line":45},"6":{"name":"isEmpty","decl":{"start":{"line":53,"column":8},"end":{"line":55,"column":2}},"loc":{"start":{"line":53,"column":8},"end":{"line":55,"column":2}},"line":53},"7":{"name":"size","decl":{"start":{"line":61,"column":8},"end":{"line":63,"column":2}},"loc":{"start":{"line":61,"column":8},"end":{"line":63,"column":2}},"line":61},"8":{"name":"clear","decl":{"start":{"line":68,"column":8},"end":{"line":70,"column":2}},"loc":{"start":{"line":68,"column":8},"end":{"line":70,"column":2}},"line":68}},"f":{"0":7,"1":7,"2":17,"3":24,"4":2,"5":1,"6":2,"7":4,"8":3}}
}
