{"/home/runner/work/nanosplash/nanosplash/src/ts/core/DOMUtilities.ts": {"path":"/home/runner/work/nanosplash/nanosplash/src/ts/core/DOMUtilities.ts","all":false,"statementMap":{"0":{"start":{"line":1,"column":0},"end":{"line":1,"column":13}},"1":{"start":{"line":2,"column":0},"end":{"line":2,"column":0}},"2":{"start":{"line":3,"column":0},"end":{"line":3,"column":54}},"3":{"start":{"line":4,"column":0},"end":{"line":4,"column":35}},"4":{"start":{"line":5,"column":0},"end":{"line":5,"column":33}},"5":{"start":{"line":6,"column":0},"end":{"line":6,"column":0}},"6":{"start":{"line":7,"column":0},"end":{"line":7,"column":3}},"7":{"start":{"line":8,"column":0},"end":{"line":8,"column":18}},"8":{"start":{"line":9,"column":0},"end":{"line":9,"column":69}},"9":{"start":{"line":10,"column":0},"end":{"line":10,"column":14}},"10":{"start":{"line":11,"column":0},"end":{"line":11,"column":15}},"11":{"start":{"line":12,"column":0},"end":{"line":12,"column":47}},"12":{"start":{"line":13,"column":0},"end":{"line":13,"column":3}},"13":{"start":{"line":14,"column":0},"end":{"line":14,"column":0}},"14":{"start":{"line":15,"column":0},"end":{"line":15,"column":3}},"15":{"start":{"line":16,"column":0},"end":{"line":16,"column":19}},"16":{"start":{"line":17,"column":0},"end":{"line":17,"column":38}},"17":{"start":{"line":18,"column":0},"end":{"line":18,"column":3}},"18":{"start":{"line":19,"column":0},"end":{"line":19,"column":49}},"19":{"start":{"line":20,"column":0},"end":{"line":20,"column":40}},"20":{"start":{"line":21,"column":0},"end":{"line":21,"column":174}},"21":{"start":{"line":22,"column":0},"end":{"line":22,"column":13}},"22":{"start":{"line":23,"column":0},"end":{"line":23,"column":36}},"23":{"start":{"line":24,"column":0},"end":{"line":24,"column":1}},"24":{"start":{"line":25,"column":0},"end":{"line":25,"column":0}},"25":{"start":{"line":26,"column":0},"end":{"line":26,"column":3}},"26":{"start":{"line":27,"column":0},"end":{"line":27,"column":26}},"27":{"start":{"line":28,"column":0},"end":{"line":28,"column":61}},"28":{"start":{"line":29,"column":0},"end":{"line":29,"column":36}},"29":{"start":{"line":30,"column":0},"end":{"line":30,"column":77}},"30":{"start":{"line":31,"column":0},"end":{"line":31,"column":74}},"31":{"start":{"line":32,"column":0},"end":{"line":32,"column":74}},"32":{"start":{"line":33,"column":0},"end":{"line":33,"column":73}},"33":{"start":{"line":34,"column":0},"end":{"line":34,"column":64}},"34":{"start":{"line":35,"column":0},"end":{"line":35,"column":3}},"35":{"start":{"line":36,"column":0},"end":{"line":36,"column":35}},"36":{"start":{"line":37,"column":0},"end":{"line":37,"column":18}},"37":{"start":{"line":38,"column":0},"end":{"line":38,"column":23}},"38":{"start":{"line":39,"column":0},"end":{"line":39,"column":9}},"39":{"start":{"line":40,"column":0},"end":{"line":40,"column":57}},"40":{"start":{"line":41,"column":0},"end":{"line":41,"column":22}},"41":{"start":{"line":42,"column":0},"end":{"line":42,"column":69}},"42":{"start":{"line":43,"column":0},"end":{"line":43,"column":9}},"43":{"start":{"line":44,"column":0},"end":{"line":44,"column":31}},"44":{"start":{"line":45,"column":0},"end":{"line":45,"column":2}},"45":{"start":{"line":46,"column":0},"end":{"line":46,"column":1}},"46":{"start":{"line":47,"column":0},"end":{"line":47,"column":0}},"47":{"start":{"line":48,"column":0},"end":{"line":48,"column":3}},"48":{"start":{"line":49,"column":0},"end":{"line":49,"column":22}},"49":{"start":{"line":50,"column":0},"end":{"line":50,"column":62}},"50":{"start":{"line":51,"column":0},"end":{"line":51,"column":88}},"51":{"start":{"line":52,"column":0},"end":{"line":52,"column":55}},"52":{"start":{"line":53,"column":0},"end":{"line":53,"column":74}},"53":{"start":{"line":54,"column":0},"end":{"line":54,"column":73}},"54":{"start":{"line":55,"column":0},"end":{"line":55,"column":76}},"55":{"start":{"line":56,"column":0},"end":{"line":56,"column":3}},"56":{"start":{"line":57,"column":0},"end":{"line":57,"column":31}},"57":{"start":{"line":58,"column":0},"end":{"line":58,"column":25}},"58":{"start":{"line":59,"column":0},"end":{"line":59,"column":25}},"59":{"start":{"line":60,"column":0},"end":{"line":60,"column":9}},"60":{"start":{"line":61,"column":0},"end":{"line":61,"column":47}},"61":{"start":{"line":62,"column":0},"end":{"line":62,"column":1}},"62":{"start":{"line":63,"column":0},"end":{"line":63,"column":0}},"63":{"start":{"line":64,"column":0},"end":{"line":64,"column":3}},"64":{"start":{"line":65,"column":0},"end":{"line":65,"column":22}},"65":{"start":{"line":66,"column":0},"end":{"line":66,"column":69}},"66":{"start":{"line":67,"column":0},"end":{"line":67,"column":33}},"67":{"start":{"line":68,"column":0},"end":{"line":68,"column":78}},"68":{"start":{"line":69,"column":0},"end":{"line":69,"column":3}},"69":{"start":{"line":70,"column":0},"end":{"line":70,"column":51}},"70":{"start":{"line":71,"column":0},"end":{"line":71,"column":55}},"71":{"start":{"line":72,"column":0},"end":{"line":72,"column":1}},"72":{"start":{"line":73,"column":0},"end":{"line":73,"column":0}},"73":{"start":{"line":74,"column":0},"end":{"line":74,"column":3}},"74":{"start":{"line":75,"column":0},"end":{"line":75,"column":23}},"75":{"start":{"line":76,"column":0},"end":{"line":76,"column":74}},"76":{"start":{"line":77,"column":0},"end":{"line":77,"column":33}},"77":{"start":{"line":78,"column":0},"end":{"line":78,"column":78}},"78":{"start":{"line":79,"column":0},"end":{"line":79,"column":3}},"79":{"start":{"line":80,"column":0},"end":{"line":80,"column":51}},"80":{"start":{"line":81,"column":0},"end":{"line":81,"column":58}},"81":{"start":{"line":82,"column":0},"end":{"line":82,"column":1}},"82":{"start":{"line":83,"column":0},"end":{"line":83,"column":0}},"83":{"start":{"line":84,"column":0},"end":{"line":84,"column":3}},"84":{"start":{"line":85,"column":0},"end":{"line":85,"column":17}},"85":{"start":{"line":86,"column":0},"end":{"line":86,"column":57}},"86":{"start":{"line":87,"column":0},"end":{"line":87,"column":34}},"87":{"start":{"line":88,"column":0},"end":{"line":88,"column":64}},"88":{"start":{"line":89,"column":0},"end":{"line":89,"column":3}},"89":{"start":{"line":90,"column":0},"end":{"line":90,"column":57}},"90":{"start":{"line":91,"column":0},"end":{"line":91,"column":31}},"91":{"start":{"line":92,"column":0},"end":{"line":92,"column":1}},"92":{"start":{"line":93,"column":0},"end":{"line":93,"column":0}},"93":{"start":{"line":94,"column":0},"end":{"line":94,"column":3}},"94":{"start":{"line":95,"column":0},"end":{"line":95,"column":17}},"95":{"start":{"line":96,"column":0},"end":{"line":96,"column":57}},"96":{"start":{"line":97,"column":0},"end":{"line":97,"column":34}},"97":{"start":{"line":98,"column":0},"end":{"line":98,"column":64}},"98":{"start":{"line":99,"column":0},"end":{"line":99,"column":3}},"99":{"start":{"line":100,"column":0},"end":{"line":100,"column":57}},"100":{"start":{"line":101,"column":0},"end":{"line":101,"column":31}},"101":{"start":{"line":102,"column":0},"end":{"line":102,"column":1}},"102":{"start":{"line":103,"column":0},"end":{"line":103,"column":0}},"103":{"start":{"line":104,"column":0},"end":{"line":104,"column":3}},"104":{"start":{"line":105,"column":0},"end":{"line":105,"column":17}},"105":{"start":{"line":106,"column":0},"end":{"line":106,"column":47}},"106":{"start":{"line":107,"column":0},"end":{"line":107,"column":38}},"107":{"start":{"line":108,"column":0},"end":{"line":108,"column":47}},"108":{"start":{"line":109,"column":0},"end":{"line":109,"column":68}},"109":{"start":{"line":110,"column":0},"end":{"line":110,"column":64}},"110":{"start":{"line":111,"column":0},"end":{"line":111,"column":61}},"111":{"start":{"line":112,"column":0},"end":{"line":112,"column":3}},"112":{"start":{"line":113,"column":0},"end":{"line":113,"column":61}},"113":{"start":{"line":114,"column":0},"end":{"line":114,"column":72}},"114":{"start":{"line":115,"column":0},"end":{"line":115,"column":1}},"115":{"start":{"line":116,"column":0},"end":{"line":116,"column":0}},"116":{"start":{"line":117,"column":0},"end":{"line":117,"column":3}},"117":{"start":{"line":118,"column":0},"end":{"line":118,"column":18}},"118":{"start":{"line":119,"column":0},"end":{"line":119,"column":48}},"119":{"start":{"line":120,"column":0},"end":{"line":120,"column":71}},"120":{"start":{"line":121,"column":0},"end":{"line":121,"column":35}},"121":{"start":{"line":122,"column":0},"end":{"line":122,"column":78}},"122":{"start":{"line":123,"column":0},"end":{"line":123,"column":3}},"123":{"start":{"line":124,"column":0},"end":{"line":124,"column":56}},"124":{"start":{"line":125,"column":0},"end":{"line":125,"column":61}},"125":{"start":{"line":126,"column":0},"end":{"line":126,"column":1}},"126":{"start":{"line":127,"column":0},"end":{"line":127,"column":0}},"127":{"start":{"line":128,"column":0},"end":{"line":128,"column":3}},"128":{"start":{"line":129,"column":0},"end":{"line":129,"column":9}},"129":{"start":{"line":130,"column":0},"end":{"line":130,"column":38}},"130":{"start":{"line":131,"column":0},"end":{"line":131,"column":33}},"131":{"start":{"line":132,"column":0},"end":{"line":132,"column":38}},"132":{"start":{"line":133,"column":0},"end":{"line":133,"column":3}},"133":{"start":{"line":134,"column":0},"end":{"line":134,"column":70}},"134":{"start":{"line":135,"column":0},"end":{"line":135,"column":38}},"135":{"start":{"line":136,"column":0},"end":{"line":136,"column":48}},"136":{"start":{"line":137,"column":0},"end":{"line":137,"column":31}},"137":{"start":{"line":138,"column":0},"end":{"line":138,"column":37}},"138":{"start":{"line":139,"column":0},"end":{"line":139,"column":43}},"139":{"start":{"line":140,"column":0},"end":{"line":140,"column":1}},"140":{"start":{"line":141,"column":0},"end":{"line":141,"column":0}},"141":{"start":{"line":142,"column":0},"end":{"line":142,"column":3}},"142":{"start":{"line":143,"column":0},"end":{"line":143,"column":20}},"143":{"start":{"line":144,"column":0},"end":{"line":144,"column":73}},"144":{"start":{"line":145,"column":0},"end":{"line":145,"column":77}},"145":{"start":{"line":146,"column":0},"end":{"line":146,"column":62}},"146":{"start":{"line":147,"column":0},"end":{"line":147,"column":83}},"147":{"start":{"line":148,"column":0},"end":{"line":148,"column":3}},"148":{"start":{"line":149,"column":0},"end":{"line":149,"column":70}},"149":{"start":{"line":150,"column":0},"end":{"line":150,"column":51}},"150":{"start":{"line":151,"column":0},"end":{"line":151,"column":37}},"151":{"start":{"line":152,"column":0},"end":{"line":152,"column":63}},"152":{"start":{"line":153,"column":0},"end":{"line":153,"column":26}},"153":{"start":{"line":154,"column":0},"end":{"line":154,"column":38}},"154":{"start":{"line":155,"column":0},"end":{"line":155,"column":35}},"155":{"start":{"line":156,"column":0},"end":{"line":156,"column":68}},"156":{"start":{"line":157,"column":0},"end":{"line":157,"column":2}},"157":{"start":{"line":158,"column":0},"end":{"line":158,"column":0}},"158":{"start":{"line":159,"column":0},"end":{"line":159,"column":12}},"159":{"start":{"line":160,"column":0},"end":{"line":160,"column":1}}},"s":{"0":1,"1":1,"2":1,"3":1,"4":1,"5":1,"6":1,"7":1,"8":1,"9":1,"10":1,"11":1,"12":1,"13":1,"14":1,"15":1,"16":1,"17":1,"18":1,"19":23,"20":23,"21":23,"22":23,"23":23,"24":1,"25":1,"26":1,"27":1,"28":1,"29":1,"30":1,"31":1,"32":1,"33":1,"34":1,"35":1,"36":13,"37":13,"38":13,"39":13,"40":13,"41":1,"42":13,"43":12,"44":12,"45":13,"46":1,"47":1,"48":1,"49":1,"50":1,"51":1,"52":1,"53":1,"54":1,"55":1,"56":1,"57":35,"58":35,"59":35,"60":35,"61":35,"62":1,"63":1,"64":1,"65":1,"66":1,"67":1,"68":1,"69":1,"70":1,"71":1,"72":1,"73":1,"74":1,"75":1,"76":1,"77":1,"78":1,"79":1,"80":10,"81":10,"82":1,"83":1,"84":1,"85":1,"86":1,"87":1,"88":1,"89":1,"90":11,"91":11,"92":1,"93":1,"94":1,"95":1,"96":1,"97":1,"98":1,"99":1,"100":16,"101":16,"102":1,"103":1,"104":1,"105":1,"106":1,"107":1,"108":1,"109":1,"110":1,"111":1,"112":1,"113":14,"114":14,"115":1,"116":1,"117":1,"118":1,"119":1,"120":1,"121":1,"122":1,"123":1,"124":4,"125":4,"126":1,"127":1,"128":1,"129":1,"130":1,"131":1,"132":1,"133":1,"134":11,"135":11,"136":11,"137":11,"138":11,"139":11,"140":1,"141":1,"142":1,"143":1,"144":1,"145":1,"146":1,"147":1,"148":1,"149":13,"150":13,"151":13,"152":13,"153":2,"154":2,"155":2,"156":2,"157":11,"158":11,"159":11},"branchMap":{"0":{"type":"branch","line":19,"loc":{"start":{"line":19,"column":7},"end":{"line":24,"column":1}},"locations":[{"start":{"line":19,"column":7},"end":{"line":24,"column":1}}]},"1":{"type":"branch","line":36,"loc":{"start":{"line":36,"column":7},"end":{"line":46,"column":1}},"locations":[{"start":{"line":36,"column":7},"end":{"line":46,"column":1}}]},"2":{"type":"branch","line":41,"loc":{"start":{"line":41,"column":21},"end":{"line":43,"column":8}},"locations":[{"start":{"line":41,"column":21},"end":{"line":43,"column":8}}]},"3":{"type":"branch","line":43,"loc":{"start":{"line":43,"column":1},"end":{"line":45,"column":2}},"locations":[{"start":{"line":43,"column":1},"end":{"line":45,"column":2}}]},"4":{"type":"branch","line":57,"loc":{"start":{"line":57,"column":7},"end":{"line":62,"column":1}},"locations":[{"start":{"line":57,"column":7},"end":{"line":62,"column":1}}]},"5":{"type":"branch","line":70,"loc":{"start":{"line":70,"column":7},"end":{"line":72,"column":1}},"locations":[{"start":{"line":70,"column":7},"end":{"line":72,"column":1}}]},"6":{"type":"branch","line":80,"loc":{"start":{"line":80,"column":7},"end":{"line":82,"column":1}},"locations":[{"start":{"line":80,"column":7},"end":{"line":82,"column":1}}]},"7":{"type":"branch","line":90,"loc":{"start":{"line":90,"column":7},"end":{"line":92,"column":1}},"locations":[{"start":{"line":90,"column":7},"end":{"line":92,"column":1}}]},"8":{"type":"branch","line":100,"loc":{"start":{"line":100,"column":7},"end":{"line":102,"column":1}},"locations":[{"start":{"line":100,"column":7},"end":{"line":102,"column":1}}]},"9":{"type":"branch","line":113,"loc":{"start":{"line":113,"column":7},"end":{"line":115,"column":1}},"locations":[{"start":{"line":113,"column":7},"end":{"line":115,"column":1}}]},"10":{"type":"branch","line":114,"loc":{"start":{"line":114,"column":23},"end":{"line":114,"column":39}},"locations":[{"start":{"line":114,"column":23},"end":{"line":114,"column":39}}]},"11":{"type":"branch","line":114,"loc":{"start":{"line":114,"column":33},"end":{"line":114,"column":72}},"locations":[{"start":{"line":114,"column":33},"end":{"line":114,"column":72}}]},"12":{"type":"branch","line":114,"loc":{"start":{"line":114,"column":62},"end":{"line":114,"column":71}},"locations":[{"start":{"line":114,"column":62},"end":{"line":114,"column":71}}]},"13":{"type":"branch","line":124,"loc":{"start":{"line":124,"column":7},"end":{"line":126,"column":1}},"locations":[{"start":{"line":124,"column":7},"end":{"line":126,"column":1}}]},"14":{"type":"branch","line":125,"loc":{"start":{"line":125,"column":51},"end":{"line":125,"column":61}},"locations":[{"start":{"line":125,"column":51},"end":{"line":125,"column":61}}]},"15":{"type":"branch","line":134,"loc":{"start":{"line":134,"column":7},"end":{"line":140,"column":1}},"locations":[{"start":{"line":134,"column":7},"end":{"line":140,"column":1}}]},"16":{"type":"branch","line":149,"loc":{"start":{"line":149,"column":7},"end":{"line":160,"column":1}},"locations":[{"start":{"line":149,"column":7},"end":{"line":160,"column":1}}]},"17":{"type":"branch","line":152,"loc":{"start":{"line":152,"column":28},"end":{"line":152,"column":63}},"locations":[{"start":{"line":152,"column":28},"end":{"line":152,"column":63}}]},"18":{"type":"branch","line":153,"loc":{"start":{"line":153,"column":25},"end":{"line":157,"column":2}},"locations":[{"start":{"line":153,"column":25},"end":{"line":157,"column":2}}]},"19":{"type":"branch","line":156,"loc":{"start":{"line":156,"column":59},"end":{"line":156,"column":68}},"locations":[{"start":{"line":156,"column":59},"end":{"line":156,"column":68}}]},"20":{"type":"branch","line":157,"loc":{"start":{"line":157,"column":1},"end":{"line":160,"column":1}},"locations":[{"start":{"line":157,"column":1},"end":{"line":160,"column":1}}]},"21":{"type":"branch","line":156,"loc":{"start":{"line":156,"column":26},"end":{"line":156,"column":59}},"locations":[{"start":{"line":156,"column":26},"end":{"line":156,"column":59}}]}},"b":{"0":[23],"1":[13],"2":[1],"3":[12],"4":[35],"5":[1],"6":[10],"7":[11],"8":[16],"9":[14],"10":[2],"11":[12],"12":[0],"13":[4],"14":[0],"15":[11],"16":[13],"17":[2],"18":[2],"19":[0],"20":[11],"21":[2]},"fnMap":{"0":{"name":"createElement","decl":{"start":{"line":19,"column":7},"end":{"line":24,"column":1}},"loc":{"start":{"line":19,"column":7},"end":{"line":24,"column":1}},"line":19},"1":{"name":"injectAsFirstChild","decl":{"start":{"line":36,"column":7},"end":{"line":46,"column":1}},"loc":{"start":{"line":36,"column":7},"end":{"line":46,"column":1}},"line":36},"2":{"name":"setNSHostClass","decl":{"start":{"line":57,"column":7},"end":{"line":62,"column":1}},"loc":{"start":{"line":57,"column":7},"end":{"line":62,"column":1}},"line":57},"3":{"name":"prepareParentOf","decl":{"start":{"line":70,"column":7},"end":{"line":72,"column":1}},"loc":{"start":{"line":70,"column":7},"end":{"line":72,"column":1}},"line":70},"4":{"name":"cleanNSParentOf","decl":{"start":{"line":80,"column":7},"end":{"line":82,"column":1}},"loc":{"start":{"line":80,"column":7},"end":{"line":82,"column":1}},"line":80},"5":{"name":"showElement","decl":{"start":{"line":90,"column":7},"end":{"line":92,"column":1}},"loc":{"start":{"line":90,"column":7},"end":{"line":92,"column":1}},"line":90},"6":{"name":"hideElement","decl":{"start":{"line":100,"column":7},"end":{"line":102,"column":1}},"loc":{"start":{"line":100,"column":7},"end":{"line":102,"column":1}},"line":100},"7":{"name":"elementFrom","decl":{"start":{"line":113,"column":7},"end":{"line":115,"column":1}},"loc":{"start":{"line":113,"column":7},"end":{"line":115,"column":1}},"line":113},"8":{"name":"elementIsNS","decl":{"start":{"line":124,"column":7},"end":{"line":126,"column":1}},"loc":{"start":{"line":124,"column":7},"end":{"line":126,"column":1}},"line":124},"9":{"name":"move","decl":{"start":{"line":134,"column":7},"end":{"line":140,"column":1}},"loc":{"start":{"line":134,"column":7},"end":{"line":140,"column":1}},"line":134},"10":{"name":"getRecycledNS","decl":{"start":{"line":149,"column":7},"end":{"line":160,"column":1}},"loc":{"start":{"line":149,"column":7},"end":{"line":160,"column":1}},"line":149}},"f":{"0":23,"1":13,"2":35,"3":1,"4":10,"5":11,"6":16,"7":14,"8":4,"9":11,"10":13}}
,"/home/runner/work/nanosplash/nanosplash/src/ts/core/Service.ts": {"path":"/home/runner/work/nanosplash/nanosplash/src/ts/core/Service.ts","all":false,"statementMap":{"0":{"start":{"line":1,"column":0},"end":{"line":1,"column":13}},"1":{"start":{"line":2,"column":0},"end":{"line":2,"column":0}},"2":{"start":{"line":3,"column":0},"end":{"line":3,"column":27}},"3":{"start":{"line":4,"column":0},"end":{"line":4,"column":0}},"4":{"start":{"line":5,"column":0},"end":{"line":5,"column":64}},"5":{"start":{"line":6,"column":0},"end":{"line":6,"column":8}},"6":{"start":{"line":7,"column":0},"end":{"line":7,"column":17}},"7":{"start":{"line":8,"column":0},"end":{"line":8,"column":15}},"8":{"start":{"line":9,"column":0},"end":{"line":9,"column":6}},"9":{"start":{"line":10,"column":0},"end":{"line":10,"column":13}},"10":{"start":{"line":11,"column":0},"end":{"line":11,"column":23}},"11":{"start":{"line":12,"column":0},"end":{"line":12,"column":53}},"12":{"start":{"line":13,"column":0},"end":{"line":13,"column":33}},"13":{"start":{"line":14,"column":0},"end":{"line":14,"column":0}},"14":{"start":{"line":15,"column":0},"end":{"line":15,"column":3}},"15":{"start":{"line":16,"column":0},"end":{"line":16,"column":12}},"16":{"start":{"line":17,"column":0},"end":{"line":17,"column":53}},"17":{"start":{"line":18,"column":0},"end":{"line":18,"column":76}},"18":{"start":{"line":19,"column":0},"end":{"line":19,"column":51}},"19":{"start":{"line":20,"column":0},"end":{"line":20,"column":14}},"20":{"start":{"line":21,"column":0},"end":{"line":21,"column":47}},"21":{"start":{"line":22,"column":0},"end":{"line":22,"column":3}},"22":{"start":{"line":23,"column":0},"end":{"line":23,"column":50}},"23":{"start":{"line":24,"column":0},"end":{"line":24,"column":4}},"24":{"start":{"line":25,"column":0},"end":{"line":25,"column":25}},"25":{"start":{"line":26,"column":0},"end":{"line":26,"column":66}},"26":{"start":{"line":27,"column":0},"end":{"line":27,"column":4}},"27":{"start":{"line":28,"column":0},"end":{"line":28,"column":48}},"28":{"start":{"line":29,"column":0},"end":{"line":29,"column":0}},"29":{"start":{"line":30,"column":0},"end":{"line":30,"column":4}},"30":{"start":{"line":31,"column":0},"end":{"line":31,"column":14}},"31":{"start":{"line":32,"column":0},"end":{"line":32,"column":44}},"32":{"start":{"line":33,"column":0},"end":{"line":33,"column":4}},"33":{"start":{"line":34,"column":0},"end":{"line":34,"column":33}},"34":{"start":{"line":35,"column":0},"end":{"line":35,"column":0}},"35":{"start":{"line":36,"column":0},"end":{"line":36,"column":4}},"36":{"start":{"line":37,"column":0},"end":{"line":37,"column":15}},"37":{"start":{"line":38,"column":0},"end":{"line":38,"column":4}},"38":{"start":{"line":39,"column":0},"end":{"line":39,"column":25}},"39":{"start":{"line":40,"column":0},"end":{"line":40,"column":0}},"40":{"start":{"line":41,"column":0},"end":{"line":41,"column":4}},"41":{"start":{"line":42,"column":0},"end":{"line":42,"column":17}},"42":{"start":{"line":43,"column":0},"end":{"line":43,"column":54}},"43":{"start":{"line":44,"column":0},"end":{"line":44,"column":12}},"44":{"start":{"line":45,"column":0},"end":{"line":45,"column":4}},"45":{"start":{"line":46,"column":0},"end":{"line":46,"column":24}},"46":{"start":{"line":47,"column":0},"end":{"line":47,"column":19}},"47":{"start":{"line":48,"column":0},"end":{"line":48,"column":2}},"48":{"start":{"line":49,"column":0},"end":{"line":49,"column":0}},"49":{"start":{"line":50,"column":0},"end":{"line":50,"column":4}},"50":{"start":{"line":51,"column":0},"end":{"line":51,"column":16}},"51":{"start":{"line":52,"column":0},"end":{"line":52,"column":44}},"52":{"start":{"line":53,"column":0},"end":{"line":53,"column":61}},"53":{"start":{"line":54,"column":0},"end":{"line":54,"column":70}},"54":{"start":{"line":55,"column":0},"end":{"line":55,"column":4}},"55":{"start":{"line":56,"column":0},"end":{"line":56,"column":53}},"56":{"start":{"line":57,"column":0},"end":{"line":57,"column":41}},"57":{"start":{"line":58,"column":0},"end":{"line":58,"column":2}},"58":{"start":{"line":59,"column":0},"end":{"line":59,"column":0}},"59":{"start":{"line":60,"column":0},"end":{"line":60,"column":4}},"60":{"start":{"line":61,"column":0},"end":{"line":61,"column":10}},"61":{"start":{"line":62,"column":0},"end":{"line":62,"column":45}},"62":{"start":{"line":63,"column":0},"end":{"line":63,"column":61}},"63":{"start":{"line":64,"column":0},"end":{"line":64,"column":66}},"64":{"start":{"line":65,"column":0},"end":{"line":65,"column":4}},"65":{"start":{"line":66,"column":0},"end":{"line":66,"column":55}},"66":{"start":{"line":67,"column":0},"end":{"line":67,"column":36}},"67":{"start":{"line":68,"column":0},"end":{"line":68,"column":2}},"68":{"start":{"line":69,"column":0},"end":{"line":69,"column":0}},"69":{"start":{"line":70,"column":0},"end":{"line":70,"column":4}},"70":{"start":{"line":71,"column":0},"end":{"line":71,"column":18}},"71":{"start":{"line":72,"column":0},"end":{"line":72,"column":31}},"72":{"start":{"line":73,"column":0},"end":{"line":73,"column":49}},"73":{"start":{"line":74,"column":0},"end":{"line":74,"column":4}},"74":{"start":{"line":75,"column":0},"end":{"line":75,"column":39}},"75":{"start":{"line":76,"column":0},"end":{"line":76,"column":26}},"76":{"start":{"line":77,"column":0},"end":{"line":77,"column":35}},"77":{"start":{"line":78,"column":0},"end":{"line":78,"column":3}},"78":{"start":{"line":79,"column":0},"end":{"line":79,"column":25}},"79":{"start":{"line":80,"column":0},"end":{"line":80,"column":2}},"80":{"start":{"line":81,"column":0},"end":{"line":81,"column":0}},"81":{"start":{"line":82,"column":0},"end":{"line":82,"column":4}},"82":{"start":{"line":83,"column":0},"end":{"line":83,"column":22}},"83":{"start":{"line":84,"column":0},"end":{"line":84,"column":61}},"84":{"start":{"line":85,"column":0},"end":{"line":85,"column":71}},"85":{"start":{"line":86,"column":0},"end":{"line":86,"column":38}},"86":{"start":{"line":87,"column":0},"end":{"line":87,"column":26}},"87":{"start":{"line":88,"column":0},"end":{"line":88,"column":4}},"88":{"start":{"line":89,"column":0},"end":{"line":89,"column":40}},"89":{"start":{"line":90,"column":0},"end":{"line":90,"column":60}},"90":{"start":{"line":91,"column":0},"end":{"line":91,"column":32}},"91":{"start":{"line":92,"column":0},"end":{"line":92,"column":19}},"92":{"start":{"line":93,"column":0},"end":{"line":93,"column":4}},"93":{"start":{"line":94,"column":0},"end":{"line":94,"column":2}},"94":{"start":{"line":95,"column":0},"end":{"line":95,"column":0}},"95":{"start":{"line":96,"column":0},"end":{"line":96,"column":4}},"96":{"start":{"line":97,"column":0},"end":{"line":97,"column":11}},"97":{"start":{"line":98,"column":0},"end":{"line":98,"column":77}},"98":{"start":{"line":99,"column":0},"end":{"line":99,"column":4}},"99":{"start":{"line":100,"column":0},"end":{"line":100,"column":30}},"100":{"start":{"line":101,"column":0},"end":{"line":101,"column":26}},"101":{"start":{"line":102,"column":0},"end":{"line":102,"column":41}},"102":{"start":{"line":103,"column":0},"end":{"line":103,"column":48}},"103":{"start":{"line":104,"column":0},"end":{"line":104,"column":45}},"104":{"start":{"line":105,"column":0},"end":{"line":105,"column":22}},"105":{"start":{"line":106,"column":0},"end":{"line":106,"column":28}},"106":{"start":{"line":107,"column":0},"end":{"line":107,"column":4}},"107":{"start":{"line":108,"column":0},"end":{"line":108,"column":4}},"108":{"start":{"line":109,"column":0},"end":{"line":109,"column":2}},"109":{"start":{"line":110,"column":0},"end":{"line":110,"column":0}},"110":{"start":{"line":111,"column":0},"end":{"line":111,"column":4}},"111":{"start":{"line":112,"column":0},"end":{"line":112,"column":23}},"112":{"start":{"line":113,"column":0},"end":{"line":113,"column":60}},"113":{"start":{"line":114,"column":0},"end":{"line":114,"column":32}},"114":{"start":{"line":115,"column":0},"end":{"line":115,"column":42}},"115":{"start":{"line":116,"column":0},"end":{"line":116,"column":4}},"116":{"start":{"line":117,"column":0},"end":{"line":117,"column":42}},"117":{"start":{"line":118,"column":0},"end":{"line":118,"column":25}},"118":{"start":{"line":119,"column":0},"end":{"line":119,"column":24}},"119":{"start":{"line":120,"column":0},"end":{"line":120,"column":23}},"120":{"start":{"line":121,"column":0},"end":{"line":121,"column":11}},"121":{"start":{"line":122,"column":0},"end":{"line":122,"column":2}},"122":{"start":{"line":123,"column":0},"end":{"line":123,"column":0}},"123":{"start":{"line":124,"column":0},"end":{"line":124,"column":4}},"124":{"start":{"line":125,"column":0},"end":{"line":125,"column":22}},"125":{"start":{"line":126,"column":0},"end":{"line":126,"column":52}},"126":{"start":{"line":127,"column":0},"end":{"line":127,"column":34}},"127":{"start":{"line":128,"column":0},"end":{"line":128,"column":40}},"128":{"start":{"line":129,"column":0},"end":{"line":129,"column":4}},"129":{"start":{"line":130,"column":0},"end":{"line":130,"column":49}},"130":{"start":{"line":131,"column":0},"end":{"line":131,"column":21}},"131":{"start":{"line":132,"column":0},"end":{"line":132,"column":28}},"132":{"start":{"line":133,"column":0},"end":{"line":133,"column":2}},"133":{"start":{"line":134,"column":0},"end":{"line":134,"column":0}},"134":{"start":{"line":135,"column":0},"end":{"line":135,"column":4}},"135":{"start":{"line":136,"column":0},"end":{"line":136,"column":18}},"136":{"start":{"line":137,"column":0},"end":{"line":137,"column":46}},"137":{"start":{"line":138,"column":0},"end":{"line":138,"column":34}},"138":{"start":{"line":139,"column":0},"end":{"line":139,"column":75}},"139":{"start":{"line":140,"column":0},"end":{"line":140,"column":4}},"140":{"start":{"line":141,"column":0},"end":{"line":141,"column":53}},"141":{"start":{"line":142,"column":0},"end":{"line":142,"column":69}},"142":{"start":{"line":143,"column":0},"end":{"line":143,"column":28}},"143":{"start":{"line":144,"column":0},"end":{"line":144,"column":31}},"144":{"start":{"line":145,"column":0},"end":{"line":145,"column":19}},"145":{"start":{"line":146,"column":0},"end":{"line":146,"column":2}},"146":{"start":{"line":147,"column":0},"end":{"line":147,"column":0}},"147":{"start":{"line":148,"column":0},"end":{"line":148,"column":4}},"148":{"start":{"line":149,"column":0},"end":{"line":149,"column":15}},"149":{"start":{"line":150,"column":0},"end":{"line":150,"column":58}},"150":{"start":{"line":151,"column":0},"end":{"line":151,"column":38}},"151":{"start":{"line":152,"column":0},"end":{"line":152,"column":75}},"152":{"start":{"line":153,"column":0},"end":{"line":153,"column":4}},"153":{"start":{"line":154,"column":0},"end":{"line":154,"column":58}},"154":{"start":{"line":155,"column":0},"end":{"line":155,"column":32}},"155":{"start":{"line":156,"column":0},"end":{"line":156,"column":11}},"156":{"start":{"line":157,"column":0},"end":{"line":157,"column":26}},"157":{"start":{"line":158,"column":0},"end":{"line":158,"column":30}},"158":{"start":{"line":159,"column":0},"end":{"line":159,"column":3}},"159":{"start":{"line":160,"column":0},"end":{"line":160,"column":13}},"160":{"start":{"line":161,"column":0},"end":{"line":161,"column":2}},"161":{"start":{"line":162,"column":0},"end":{"line":162,"column":0}},"162":{"start":{"line":163,"column":0},"end":{"line":163,"column":4}},"163":{"start":{"line":164,"column":0},"end":{"line":164,"column":15}},"164":{"start":{"line":165,"column":0},"end":{"line":165,"column":4}},"165":{"start":{"line":166,"column":0},"end":{"line":166,"column":41}},"166":{"start":{"line":167,"column":0},"end":{"line":167,"column":39}},"167":{"start":{"line":168,"column":0},"end":{"line":168,"column":12}},"168":{"start":{"line":169,"column":0},"end":{"line":169,"column":23}},"169":{"start":{"line":170,"column":0},"end":{"line":170,"column":41}},"170":{"start":{"line":171,"column":0},"end":{"line":171,"column":3}},"171":{"start":{"line":172,"column":0},"end":{"line":172,"column":39}},"172":{"start":{"line":173,"column":0},"end":{"line":173,"column":2}},"173":{"start":{"line":174,"column":0},"end":{"line":174,"column":0}},"174":{"start":{"line":175,"column":0},"end":{"line":175,"column":4}},"175":{"start":{"line":176,"column":0},"end":{"line":176,"column":15}},"176":{"start":{"line":177,"column":0},"end":{"line":177,"column":4}},"177":{"start":{"line":178,"column":0},"end":{"line":178,"column":70}},"178":{"start":{"line":179,"column":0},"end":{"line":179,"column":58}},"179":{"start":{"line":180,"column":0},"end":{"line":180,"column":24}},"180":{"start":{"line":181,"column":0},"end":{"line":181,"column":42}},"181":{"start":{"line":182,"column":0},"end":{"line":182,"column":13}},"182":{"start":{"line":183,"column":0},"end":{"line":183,"column":24}},"183":{"start":{"line":184,"column":0},"end":{"line":184,"column":4}},"184":{"start":{"line":185,"column":0},"end":{"line":185,"column":52}},"185":{"start":{"line":186,"column":0},"end":{"line":186,"column":40}},"186":{"start":{"line":187,"column":0},"end":{"line":187,"column":3}},"187":{"start":{"line":188,"column":0},"end":{"line":188,"column":0}},"188":{"start":{"line":189,"column":0},"end":{"line":189,"column":13}},"189":{"start":{"line":190,"column":0},"end":{"line":190,"column":2}},"190":{"start":{"line":191,"column":0},"end":{"line":191,"column":0}},"191":{"start":{"line":192,"column":0},"end":{"line":192,"column":4}},"192":{"start":{"line":193,"column":0},"end":{"line":193,"column":15}},"193":{"start":{"line":194,"column":0},"end":{"line":194,"column":4}},"194":{"start":{"line":195,"column":0},"end":{"line":195,"column":35}},"195":{"start":{"line":196,"column":0},"end":{"line":196,"column":31}},"196":{"start":{"line":197,"column":0},"end":{"line":197,"column":44}},"197":{"start":{"line":198,"column":0},"end":{"line":198,"column":2}},"198":{"start":{"line":199,"column":0},"end":{"line":199,"column":0}},"199":{"start":{"line":200,"column":0},"end":{"line":200,"column":4}},"200":{"start":{"line":201,"column":0},"end":{"line":201,"column":15}},"201":{"start":{"line":202,"column":0},"end":{"line":202,"column":4}},"202":{"start":{"line":203,"column":0},"end":{"line":203,"column":25}},"203":{"start":{"line":204,"column":0},"end":{"line":204,"column":40}},"204":{"start":{"line":205,"column":0},"end":{"line":205,"column":26}},"205":{"start":{"line":206,"column":0},"end":{"line":206,"column":4}},"206":{"start":{"line":207,"column":0},"end":{"line":207,"column":19}},"207":{"start":{"line":208,"column":0},"end":{"line":208,"column":2}},"208":{"start":{"line":209,"column":0},"end":{"line":209,"column":0}},"209":{"start":{"line":210,"column":0},"end":{"line":210,"column":4}},"210":{"start":{"line":211,"column":0},"end":{"line":211,"column":15}},"211":{"start":{"line":212,"column":0},"end":{"line":212,"column":4}},"212":{"start":{"line":213,"column":0},"end":{"line":213,"column":51}},"213":{"start":{"line":214,"column":0},"end":{"line":214,"column":57}},"214":{"start":{"line":215,"column":0},"end":{"line":215,"column":2}},"215":{"start":{"line":216,"column":0},"end":{"line":216,"column":0}},"216":{"start":{"line":217,"column":0},"end":{"line":217,"column":4}},"217":{"start":{"line":218,"column":0},"end":{"line":218,"column":15}},"218":{"start":{"line":219,"column":0},"end":{"line":219,"column":4}},"219":{"start":{"line":220,"column":0},"end":{"line":220,"column":55}},"220":{"start":{"line":221,"column":0},"end":{"line":221,"column":31}},"221":{"start":{"line":222,"column":0},"end":{"line":222,"column":69}},"222":{"start":{"line":223,"column":0},"end":{"line":223,"column":40}},"223":{"start":{"line":224,"column":0},"end":{"line":224,"column":2}},"224":{"start":{"line":225,"column":0},"end":{"line":225,"column":1}}},"s":{"0":1,"1":1,"2":1,"3":1,"4":1,"5":1,"6":1,"7":1,"8":1,"9":1,"10":1,"11":1,"12":1,"13":1,"14":1,"15":1,"16":1,"17":1,"18":1,"19":1,"20":1,"21":1,"22":1,"23":2,"24":2,"25":2,"26":2,"27":2,"28":2,"29":2,"30":2,"31":2,"32":2,"33":2,"34":2,"35":2,"36":2,"37":2,"38":2,"39":2,"40":2,"41":2,"42":2,"43":2,"44":2,"45":2,"46":2,"47":2,"48":2,"49":2,"50":2,"51":2,"52":2,"53":2,"54":2,"55":2,"56":2,"57":2,"58":2,"59":2,"60":2,"61":2,"62":2,"63":2,"64":2,"65":2,"66":2,"67":2,"68":2,"69":2,"70":2,"71":2,"72":2,"73":2,"74":2,"75":8,"76":2,"77":2,"78":8,"79":8,"80":2,"81":2,"82":2,"83":2,"84":2,"85":2,"86":2,"87":2,"88":2,"89":2,"90":2,"91":2,"92":2,"93":2,"94":2,"95":2,"96":2,"97":2,"98":2,"99":2,"100":1,"101":1,"102":1,"103":1,"104":1,"105":1,"106":1,"107":1,"108":1,"109":2,"110":2,"111":2,"112":2,"113":2,"114":2,"115":2,"116":2,"117":10,"118":10,"119":10,"120":10,"121":10,"122":2,"123":2,"124":2,"125":2,"126":2,"127":2,"128":2,"129":2,"130":9,"131":9,"132":9,"133":2,"134":2,"135":2,"136":2,"137":2,"138":2,"139":2,"140":2,"141":2,"142":2,"143":2,"144":2,"145":2,"146":2,"147":2,"148":2,"149":2,"150":2,"151":2,"152":2,"153":2,"154":2,"155":2,"156":2,"157":2,"158":2,"159":0,"160":2,"161":2,"162":2,"163":2,"164":2,"165":2,"166":3,"167":3,"168":3,"169":3,"170":3,"171":3,"172":3,"173":2,"174":2,"175":2,"176":2,"177":2,"178":8,"179":8,"180":7,"181":7,"182":7,"183":7,"184":7,"185":7,"186":7,"187":1,"188":1,"189":8,"190":2,"191":2,"192":2,"193":2,"194":2,"195":1,"196":1,"197":1,"198":2,"199":2,"200":2,"201":2,"202":2,"203":2,"204":6,"205":2,"206":2,"207":2,"208":2,"209":2,"210":2,"211":2,"212":2,"213":1,"214":1,"215":2,"216":2,"217":2,"218":2,"219":2,"220":2,"221":2,"222":2,"223":2,"224":2},"branchMap":{"0":{"type":"branch","line":23,"loc":{"start":{"line":23,"column":7},"end":{"line":225,"column":1}},"locations":[{"start":{"line":23,"column":7},"end":{"line":225,"column":1}}]},"1":{"type":"branch","line":34,"loc":{"start":{"line":34,"column":1},"end":{"line":34,"column":33}},"locations":[{"start":{"line":34,"column":1},"end":{"line":34,"column":33}}]},"2":{"type":"branch","line":46,"loc":{"start":{"line":46,"column":9},"end":{"line":48,"column":2}},"locations":[{"start":{"line":46,"column":9},"end":{"line":48,"column":2}}]},"3":{"type":"branch","line":56,"loc":{"start":{"line":56,"column":9},"end":{"line":58,"column":2}},"locations":[{"start":{"line":56,"column":9},"end":{"line":58,"column":2}}]},"4":{"type":"branch","line":66,"loc":{"start":{"line":66,"column":9},"end":{"line":68,"column":2}},"locations":[{"start":{"line":66,"column":9},"end":{"line":68,"column":2}}]},"5":{"type":"branch","line":75,"loc":{"start":{"line":75,"column":15},"end":{"line":80,"column":2}},"locations":[{"start":{"line":75,"column":15},"end":{"line":80,"column":2}}]},"6":{"type":"branch","line":76,"loc":{"start":{"line":76,"column":25},"end":{"line":78,"column":3}},"locations":[{"start":{"line":76,"column":25},"end":{"line":78,"column":3}}]},"7":{"type":"branch","line":89,"loc":{"start":{"line":89,"column":16},"end":{"line":94,"column":2}},"locations":[{"start":{"line":89,"column":16},"end":{"line":94,"column":2}}]},"8":{"type":"branch","line":100,"loc":{"start":{"line":100,"column":15},"end":{"line":109,"column":2}},"locations":[{"start":{"line":100,"column":15},"end":{"line":109,"column":2}}]},"9":{"type":"branch","line":102,"loc":{"start":{"line":102,"column":34},"end":{"line":108,"column":3}},"locations":[{"start":{"line":102,"column":34},"end":{"line":108,"column":3}}]},"10":{"type":"branch","line":117,"loc":{"start":{"line":117,"column":9},"end":{"line":122,"column":2}},"locations":[{"start":{"line":117,"column":9},"end":{"line":122,"column":2}}]},"11":{"type":"branch","line":130,"loc":{"start":{"line":130,"column":9},"end":{"line":133,"column":2}},"locations":[{"start":{"line":130,"column":9},"end":{"line":133,"column":2}}]},"12":{"type":"branch","line":141,"loc":{"start":{"line":141,"column":9},"end":{"line":146,"column":2}},"locations":[{"start":{"line":141,"column":9},"end":{"line":146,"column":2}}]},"13":{"type":"branch","line":143,"loc":{"start":{"line":143,"column":17},"end":{"line":143,"column":28}},"locations":[{"start":{"line":143,"column":17},"end":{"line":143,"column":28}}]},"14":{"type":"branch","line":142,"loc":{"start":{"line":142,"column":29},"end":{"line":142,"column":68}},"locations":[{"start":{"line":142,"column":29},"end":{"line":142,"column":68}}]},"15":{"type":"branch","line":154,"loc":{"start":{"line":154,"column":9},"end":{"line":161,"column":2}},"locations":[{"start":{"line":154,"column":9},"end":{"line":161,"column":2}}]},"16":{"type":"branch","line":159,"loc":{"start":{"line":159,"column":2},"end":{"line":160,"column":13}},"locations":[{"start":{"line":159,"column":2},"end":{"line":160,"column":13}}]},"17":{"type":"branch","line":166,"loc":{"start":{"line":166,"column":8},"end":{"line":173,"column":2}},"locations":[{"start":{"line":166,"column":8},"end":{"line":173,"column":2}}]},"18":{"type":"branch","line":172,"loc":{"start":{"line":172,"column":20},"end":{"line":172,"column":30}},"locations":[{"start":{"line":172,"column":20},"end":{"line":172,"column":30}}]},"19":{"type":"branch","line":178,"loc":{"start":{"line":178,"column":8},"end":{"line":190,"column":2}},"locations":[{"start":{"line":178,"column":8},"end":{"line":190,"column":2}}]},"20":{"type":"branch","line":180,"loc":{"start":{"line":180,"column":23},"end":{"line":187,"column":3}},"locations":[{"start":{"line":180,"column":23},"end":{"line":187,"column":3}}]},"21":{"type":"branch","line":186,"loc":{"start":{"line":186,"column":21},"end":{"line":186,"column":31}},"locations":[{"start":{"line":186,"column":21},"end":{"line":186,"column":31}}]},"22":{"type":"branch","line":187,"loc":{"start":{"line":187,"column":2},"end":{"line":189,"column":13}},"locations":[{"start":{"line":187,"column":2},"end":{"line":189,"column":13}}]},"23":{"type":"branch","line":195,"loc":{"start":{"line":195,"column":8},"end":{"line":198,"column":2}},"locations":[{"start":{"line":195,"column":8},"end":{"line":198,"column":2}}]},"24":{"type":"branch","line":197,"loc":{"start":{"line":197,"column":36},"end":{"line":197,"column":44}},"locations":[{"start":{"line":197,"column":36},"end":{"line":197,"column":44}}]},"25":{"type":"branch","line":203,"loc":{"start":{"line":203,"column":8},"end":{"line":208,"column":2}},"locations":[{"start":{"line":203,"column":8},"end":{"line":208,"column":2}}]},"26":{"type":"branch","line":204,"loc":{"start":{"line":204,"column":23},"end":{"line":206,"column":3}},"locations":[{"start":{"line":204,"column":23},"end":{"line":206,"column":3}}]},"27":{"type":"branch","line":213,"loc":{"start":{"line":213,"column":8},"end":{"line":215,"column":2}},"locations":[{"start":{"line":213,"column":8},"end":{"line":215,"column":2}}]},"28":{"type":"branch","line":214,"loc":{"start":{"line":214,"column":23},"end":{"line":214,"column":56}},"locations":[{"start":{"line":214,"column":23},"end":{"line":214,"column":56}}]},"29":{"type":"branch","line":220,"loc":{"start":{"line":220,"column":8},"end":{"line":224,"column":2}},"locations":[{"start":{"line":220,"column":8},"end":{"line":224,"column":2}}]},"30":{"type":"branch","line":223,"loc":{"start":{"line":223,"column":9},"end":{"line":223,"column":36}},"locations":[{"start":{"line":223,"column":9},"end":{"line":223,"column":36}}]},"31":{"type":"branch","line":223,"loc":{"start":{"line":223,"column":32},"end":{"line":223,"column":40}},"locations":[{"start":{"line":223,"column":32},"end":{"line":223,"column":40}}]},"32":{"type":"branch","line":222,"loc":{"start":{"line":222,"column":13},"end":{"line":222,"column":69}},"locations":[{"start":{"line":222,"column":13},"end":{"line":222,"column":69}}]}},"b":{"0":[2],"1":[4],"2":[2],"3":[2],"4":[2],"5":[8],"6":[2],"7":[2],"8":[1],"9":[1],"10":[10],"11":[9],"12":[2],"13":[0],"14":[2],"15":[2],"16":[0],"17":[3],"18":[2],"19":[8],"20":[7],"21":[1],"22":[1],"23":[1],"24":[0],"25":[2],"26":[6],"27":[1],"28":[1],"29":[2],"30":[1],"31":[1],"32":[1]},"fnMap":{"0":{"name":"<instance_members_initializer>","decl":{"start":{"line":23,"column":7},"end":{"line":225,"column":1}},"loc":{"start":{"line":23,"column":7},"end":{"line":225,"column":1}},"line":23},"1":{"name":"<static_initializer>","decl":{"start":{"line":34,"column":1},"end":{"line":34,"column":33}},"loc":{"start":{"line":34,"column":1},"end":{"line":34,"column":33}},"line":34},"2":{"name":"Service","decl":{"start":{"line":46,"column":9},"end":{"line":48,"column":2}},"loc":{"start":{"line":46,"column":9},"end":{"line":48,"column":2}},"line":46},"3":{"name":"findIndex","decl":{"start":{"line":56,"column":9},"end":{"line":58,"column":2}},"loc":{"start":{"line":56,"column":9},"end":{"line":58,"column":2}},"line":56},"4":{"name":"find","decl":{"start":{"line":66,"column":9},"end":{"line":68,"column":2}},"loc":{"start":{"line":66,"column":9},"end":{"line":68,"column":2}},"line":66},"5":{"name":"getInstance","decl":{"start":{"line":75,"column":15},"end":{"line":80,"column":2}},"loc":{"start":{"line":75,"column":15},"end":{"line":80,"column":2}},"line":75},"6":{"name":"assignToWindow","decl":{"start":{"line":89,"column":16},"end":{"line":94,"column":2}},"loc":{"start":{"line":89,"column":16},"end":{"line":94,"column":2}},"line":89},"7":{"name":"start","decl":{"start":{"line":100,"column":15},"end":{"line":109,"column":2}},"loc":{"start":{"line":100,"column":15},"end":{"line":109,"column":2}},"line":100},"8":{"name":"createNS","decl":{"start":{"line":117,"column":9},"end":{"line":122,"column":2}},"loc":{"start":{"line":117,"column":9},"end":{"line":122,"column":2}},"line":117},"9":{"name":"cleanAndRemove","decl":{"start":{"line":130,"column":9},"end":{"line":133,"column":2}},"loc":{"start":{"line":130,"column":9},"end":{"line":133,"column":2}},"line":130},"10":{"name":"stackDelete","decl":{"start":{"line":141,"column":9},"end":{"line":146,"column":2}},"loc":{"start":{"line":141,"column":9},"end":{"line":146,"column":2}},"line":141},"11":{"name":"deleteNS","decl":{"start":{"line":154,"column":9},"end":{"line":161,"column":2}},"loc":{"start":{"line":154,"column":9},"end":{"line":161,"column":2}},"line":154},"12":{"name":"show","decl":{"start":{"line":166,"column":8},"end":{"line":173,"column":2}},"loc":{"start":{"line":166,"column":8},"end":{"line":173,"column":2}},"line":166},"13":{"name":"showInside","decl":{"start":{"line":178,"column":8},"end":{"line":190,"column":2}},"loc":{"start":{"line":178,"column":8},"end":{"line":190,"column":2}},"line":178},"14":{"name":"hide","decl":{"start":{"line":195,"column":8},"end":{"line":198,"column":2}},"loc":{"start":{"line":195,"column":8},"end":{"line":198,"column":2}},"line":195},"15":{"name":"hideAll","decl":{"start":{"line":203,"column":8},"end":{"line":208,"column":2}},"loc":{"start":{"line":203,"column":8},"end":{"line":208,"column":2}},"line":203},"16":{"name":"hideId","decl":{"start":{"line":213,"column":8},"end":{"line":215,"column":2}},"loc":{"start":{"line":213,"column":8},"end":{"line":215,"column":2}},"line":213},"17":{"name":"hideInside","decl":{"start":{"line":220,"column":8},"end":{"line":224,"column":2}},"loc":{"start":{"line":220,"column":8},"end":{"line":224,"column":2}},"line":220},"18":{"name":"cb","decl":{"start":{"line":222,"column":13},"end":{"line":222,"column":69}},"loc":{"start":{"line":222,"column":13},"end":{"line":222,"column":69}},"line":222}},"f":{"0":2,"1":4,"2":2,"3":2,"4":2,"5":8,"6":2,"7":1,"8":10,"9":9,"10":2,"11":2,"12":3,"13":8,"14":1,"15":2,"16":1,"17":2,"18":1}}
,"/home/runner/work/nanosplash/nanosplash/src/ts/core/Splash.ts": {"path":"/home/runner/work/nanosplash/nanosplash/src/ts/core/Splash.ts","all":false,"statementMap":{"0":{"start":{"line":1,"column":0},"end":{"line":1,"column":13}},"1":{"start":{"line":2,"column":0},"end":{"line":2,"column":0}},"2":{"start":{"line":3,"column":0},"end":{"line":3,"column":43}},"3":{"start":{"line":4,"column":0},"end":{"line":4,"column":72}},"4":{"start":{"line":5,"column":0},"end":{"line":5,"column":51}},"5":{"start":{"line":6,"column":0},"end":{"line":6,"column":0}},"6":{"start":{"line":7,"column":0},"end":{"line":7,"column":3}},"7":{"start":{"line":8,"column":0},"end":{"line":8,"column":11}},"8":{"start":{"line":9,"column":0},"end":{"line":9,"column":66}},"9":{"start":{"line":10,"column":0},"end":{"line":10,"column":14}},"10":{"start":{"line":11,"column":0},"end":{"line":11,"column":47}},"11":{"start":{"line":12,"column":0},"end":{"line":12,"column":3}},"12":{"start":{"line":13,"column":0},"end":{"line":13,"column":48}},"13":{"start":{"line":14,"column":0},"end":{"line":14,"column":4}},"14":{"start":{"line":15,"column":0},"end":{"line":15,"column":20}},"15":{"start":{"line":16,"column":0},"end":{"line":16,"column":74}},"16":{"start":{"line":17,"column":0},"end":{"line":17,"column":4}},"17":{"start":{"line":18,"column":0},"end":{"line":18,"column":38}},"18":{"start":{"line":19,"column":0},"end":{"line":19,"column":4}},"19":{"start":{"line":20,"column":0},"end":{"line":20,"column":25}},"20":{"start":{"line":21,"column":0},"end":{"line":21,"column":69}},"21":{"start":{"line":22,"column":0},"end":{"line":22,"column":71}},"22":{"start":{"line":23,"column":0},"end":{"line":23,"column":4}},"23":{"start":{"line":24,"column":0},"end":{"line":24,"column":43}},"24":{"start":{"line":25,"column":0},"end":{"line":25,"column":0}},"25":{"start":{"line":26,"column":0},"end":{"line":26,"column":4}},"26":{"start":{"line":27,"column":0},"end":{"line":27,"column":8}},"27":{"start":{"line":28,"column":0},"end":{"line":28,"column":52}},"28":{"start":{"line":29,"column":0},"end":{"line":29,"column":4}},"29":{"start":{"line":30,"column":0},"end":{"line":30,"column":32}},"30":{"start":{"line":31,"column":0},"end":{"line":31,"column":0}},"31":{"start":{"line":32,"column":0},"end":{"line":32,"column":4}},"32":{"start":{"line":33,"column":0},"end":{"line":33,"column":13}},"33":{"start":{"line":34,"column":0},"end":{"line":34,"column":49}},"34":{"start":{"line":35,"column":0},"end":{"line":35,"column":4}},"35":{"start":{"line":36,"column":0},"end":{"line":36,"column":33}},"36":{"start":{"line":37,"column":0},"end":{"line":37,"column":0}},"37":{"start":{"line":38,"column":0},"end":{"line":38,"column":4}},"38":{"start":{"line":39,"column":0},"end":{"line":39,"column":19}},"39":{"start":{"line":40,"column":0},"end":{"line":40,"column":40}},"40":{"start":{"line":41,"column":0},"end":{"line":41,"column":4}},"41":{"start":{"line":42,"column":0},"end":{"line":42,"column":44}},"42":{"start":{"line":43,"column":0},"end":{"line":43,"column":71}},"43":{"start":{"line":44,"column":0},"end":{"line":44,"column":37}},"44":{"start":{"line":45,"column":0},"end":{"line":45,"column":44}},"45":{"start":{"line":46,"column":0},"end":{"line":46,"column":24}},"46":{"start":{"line":47,"column":0},"end":{"line":47,"column":4}},"47":{"start":{"line":48,"column":0},"end":{"line":48,"column":2}},"48":{"start":{"line":49,"column":0},"end":{"line":49,"column":0}},"49":{"start":{"line":50,"column":0},"end":{"line":50,"column":4}},"50":{"start":{"line":51,"column":0},"end":{"line":51,"column":17}},"51":{"start":{"line":52,"column":0},"end":{"line":52,"column":38}},"52":{"start":{"line":53,"column":0},"end":{"line":53,"column":4}},"53":{"start":{"line":54,"column":0},"end":{"line":54,"column":23}},"54":{"start":{"line":55,"column":0},"end":{"line":55,"column":32}},"55":{"start":{"line":56,"column":0},"end":{"line":56,"column":51}},"56":{"start":{"line":57,"column":0},"end":{"line":57,"column":2}},"57":{"start":{"line":58,"column":0},"end":{"line":58,"column":0}},"58":{"start":{"line":59,"column":0},"end":{"line":59,"column":4}},"59":{"start":{"line":60,"column":0},"end":{"line":60,"column":15}},"60":{"start":{"line":61,"column":0},"end":{"line":61,"column":4}},"61":{"start":{"line":62,"column":0},"end":{"line":62,"column":47}},"62":{"start":{"line":63,"column":0},"end":{"line":63,"column":62}},"63":{"start":{"line":64,"column":0},"end":{"line":64,"column":2}},"64":{"start":{"line":65,"column":0},"end":{"line":65,"column":0}},"65":{"start":{"line":66,"column":0},"end":{"line":66,"column":4}},"66":{"start":{"line":67,"column":0},"end":{"line":67,"column":15}},"67":{"start":{"line":68,"column":0},"end":{"line":68,"column":4}},"68":{"start":{"line":69,"column":0},"end":{"line":69,"column":44}},"69":{"start":{"line":70,"column":0},"end":{"line":70,"column":69}},"70":{"start":{"line":71,"column":0},"end":{"line":71,"column":2}},"71":{"start":{"line":72,"column":0},"end":{"line":72,"column":0}},"72":{"start":{"line":73,"column":0},"end":{"line":73,"column":4}},"73":{"start":{"line":74,"column":0},"end":{"line":74,"column":15}},"74":{"start":{"line":75,"column":0},"end":{"line":75,"column":4}},"75":{"start":{"line":76,"column":0},"end":{"line":76,"column":29}},"76":{"start":{"line":77,"column":0},"end":{"line":77,"column":16}},"77":{"start":{"line":78,"column":0},"end":{"line":78,"column":2}},"78":{"start":{"line":79,"column":0},"end":{"line":79,"column":0}},"79":{"start":{"line":80,"column":0},"end":{"line":80,"column":4}},"80":{"start":{"line":81,"column":0},"end":{"line":81,"column":15}},"81":{"start":{"line":82,"column":0},"end":{"line":82,"column":4}},"82":{"start":{"line":83,"column":0},"end":{"line":83,"column":40}},"83":{"start":{"line":84,"column":0},"end":{"line":84,"column":37}},"84":{"start":{"line":85,"column":0},"end":{"line":85,"column":2}},"85":{"start":{"line":86,"column":0},"end":{"line":86,"column":0}},"86":{"start":{"line":87,"column":0},"end":{"line":87,"column":4}},"87":{"start":{"line":88,"column":0},"end":{"line":88,"column":15}},"88":{"start":{"line":89,"column":0},"end":{"line":89,"column":4}},"89":{"start":{"line":90,"column":0},"end":{"line":90,"column":39}},"90":{"start":{"line":91,"column":0},"end":{"line":91,"column":42}},"91":{"start":{"line":92,"column":0},"end":{"line":92,"column":53}},"92":{"start":{"line":93,"column":0},"end":{"line":93,"column":13}},"93":{"start":{"line":94,"column":0},"end":{"line":94,"column":2}},"94":{"start":{"line":95,"column":0},"end":{"line":95,"column":0}},"95":{"start":{"line":96,"column":0},"end":{"line":96,"column":4}},"96":{"start":{"line":97,"column":0},"end":{"line":97,"column":15}},"97":{"start":{"line":98,"column":0},"end":{"line":98,"column":4}},"98":{"start":{"line":99,"column":0},"end":{"line":99,"column":28}},"99":{"start":{"line":100,"column":0},"end":{"line":100,"column":38}},"100":{"start":{"line":101,"column":0},"end":{"line":101,"column":13}},"101":{"start":{"line":102,"column":0},"end":{"line":102,"column":2}},"102":{"start":{"line":103,"column":0},"end":{"line":103,"column":0}},"103":{"start":{"line":104,"column":0},"end":{"line":104,"column":4}},"104":{"start":{"line":105,"column":0},"end":{"line":105,"column":15}},"105":{"start":{"line":106,"column":0},"end":{"line":106,"column":4}},"106":{"start":{"line":107,"column":0},"end":{"line":107,"column":28}},"107":{"start":{"line":108,"column":0},"end":{"line":108,"column":38}},"108":{"start":{"line":109,"column":0},"end":{"line":109,"column":13}},"109":{"start":{"line":110,"column":0},"end":{"line":110,"column":2}},"110":{"start":{"line":111,"column":0},"end":{"line":111,"column":0}},"111":{"start":{"line":112,"column":0},"end":{"line":112,"column":4}},"112":{"start":{"line":113,"column":0},"end":{"line":113,"column":15}},"113":{"start":{"line":114,"column":0},"end":{"line":114,"column":4}},"114":{"start":{"line":115,"column":0},"end":{"line":115,"column":26}},"115":{"start":{"line":116,"column":0},"end":{"line":116,"column":21}},"116":{"start":{"line":117,"column":0},"end":{"line":117,"column":56}},"117":{"start":{"line":118,"column":0},"end":{"line":118,"column":22}},"118":{"start":{"line":119,"column":0},"end":{"line":119,"column":3}},"119":{"start":{"line":120,"column":0},"end":{"line":120,"column":13}},"120":{"start":{"line":121,"column":0},"end":{"line":121,"column":2}},"121":{"start":{"line":122,"column":0},"end":{"line":122,"column":1}}},"s":{"0":1,"1":1,"2":1,"3":1,"4":1,"5":1,"6":1,"7":1,"8":1,"9":1,"10":1,"11":1,"12":1,"13":20,"14":20,"15":20,"16":20,"17":20,"18":20,"19":20,"20":20,"21":20,"22":20,"23":20,"24":20,"25":20,"26":20,"27":20,"28":20,"29":20,"30":20,"31":20,"32":20,"33":20,"34":20,"35":20,"36":20,"37":20,"38":20,"39":20,"40":20,"41":20,"42":20,"43":620,"44":620,"45":620,"46":20,"47":20,"48":20,"49":20,"50":20,"51":20,"52":20,"53":20,"54":20,"55":20,"56":20,"57":20,"58":20,"59":20,"60":20,"61":20,"62":54,"63":54,"64":20,"65":20,"66":20,"67":20,"68":20,"69":53,"70":53,"71":20,"72":20,"73":20,"74":20,"75":20,"76":40,"77":40,"78":20,"79":20,"80":20,"81":20,"82":20,"83":85,"84":85,"85":20,"86":20,"87":20,"88":20,"89":20,"90":22,"91":22,"92":22,"93":22,"94":20,"95":20,"96":20,"97":20,"98":20,"99":10,"100":10,"101":10,"102":20,"103":20,"104":20,"105":20,"106":20,"107":15,"108":15,"109":15,"110":20,"111":20,"112":20,"113":20,"114":20,"115":10,"116":10,"117":10,"118":10,"119":10,"120":10,"121":20},"branchMap":{"0":{"type":"branch","line":13,"loc":{"start":{"line":13,"column":7},"end":{"line":122,"column":1}},"locations":[{"start":{"line":13,"column":7},"end":{"line":122,"column":1}}]},"1":{"type":"branch","line":24,"loc":{"start":{"line":24,"column":1},"end":{"line":24,"column":43}},"locations":[{"start":{"line":24,"column":1},"end":{"line":24,"column":43}}]},"2":{"type":"branch","line":42,"loc":{"start":{"line":42,"column":16},"end":{"line":48,"column":2}},"locations":[{"start":{"line":42,"column":16},"end":{"line":48,"column":2}}]},"3":{"type":"branch","line":43,"loc":{"start":{"line":43,"column":65},"end":{"line":47,"column":3}},"locations":[{"start":{"line":43,"column":65},"end":{"line":47,"column":3}}]},"4":{"type":"branch","line":45,"loc":{"start":{"line":45,"column":19},"end":{"line":45,"column":30}},"locations":[{"start":{"line":45,"column":19},"end":{"line":45,"column":30}}]},"5":{"type":"branch","line":45,"loc":{"start":{"line":45,"column":25},"end":{"line":45,"column":44}},"locations":[{"start":{"line":45,"column":25},"end":{"line":45,"column":44}}]},"6":{"type":"branch","line":54,"loc":{"start":{"line":54,"column":8},"end":{"line":57,"column":2}},"locations":[{"start":{"line":54,"column":8},"end":{"line":57,"column":2}}]},"7":{"type":"branch","line":62,"loc":{"start":{"line":62,"column":8},"end":{"line":64,"column":2}},"locations":[{"start":{"line":62,"column":8},"end":{"line":64,"column":2}}]},"8":{"type":"branch","line":69,"loc":{"start":{"line":69,"column":8},"end":{"line":71,"column":2}},"locations":[{"start":{"line":69,"column":8},"end":{"line":71,"column":2}}]},"9":{"type":"branch","line":76,"loc":{"start":{"line":76,"column":8},"end":{"line":78,"column":2}},"locations":[{"start":{"line":76,"column":8},"end":{"line":78,"column":2}}]},"10":{"type":"branch","line":83,"loc":{"start":{"line":83,"column":8},"end":{"line":85,"column":2}},"locations":[{"start":{"line":83,"column":8},"end":{"line":85,"column":2}}]},"11":{"type":"branch","line":90,"loc":{"start":{"line":90,"column":8},"end":{"line":94,"column":2}},"locations":[{"start":{"line":90,"column":8},"end":{"line":94,"column":2}}]},"12":{"type":"branch","line":92,"loc":{"start":{"line":92,"column":16},"end":{"line":92,"column":38}},"locations":[{"start":{"line":92,"column":16},"end":{"line":92,"column":38}}]},"13":{"type":"branch","line":92,"loc":{"start":{"line":92,"column":34},"end":{"line":92,"column":53}},"locations":[{"start":{"line":92,"column":34},"end":{"line":92,"column":53}}]},"14":{"type":"branch","line":99,"loc":{"start":{"line":99,"column":8},"end":{"line":102,"column":2}},"locations":[{"start":{"line":99,"column":8},"end":{"line":102,"column":2}}]},"15":{"type":"branch","line":107,"loc":{"start":{"line":107,"column":8},"end":{"line":110,"column":2}},"locations":[{"start":{"line":107,"column":8},"end":{"line":110,"column":2}}]},"16":{"type":"branch","line":115,"loc":{"start":{"line":115,"column":8},"end":{"line":121,"column":2}},"locations":[{"start":{"line":115,"column":8},"end":{"line":121,"column":2}}]}},"b":{"0":[20],"1":[4],"2":[20],"3":[620],"4":[600],"5":[20],"6":[20],"7":[54],"8":[53],"9":[40],"10":[85],"11":[22],"12":[9],"13":[13],"14":[10],"15":[15],"16":[10]},"fnMap":{"0":{"name":"<instance_members_initializer>","decl":{"start":{"line":13,"column":7},"end":{"line":122,"column":1}},"loc":{"start":{"line":13,"column":7},"end":{"line":122,"column":1}},"line":13},"1":{"name":"<static_initializer>","decl":{"start":{"line":24,"column":1},"end":{"line":24,"column":43}},"loc":{"start":{"line":24,"column":1},"end":{"line":24,"column":43}},"line":24},"2":{"name":"generateGUID","decl":{"start":{"line":42,"column":16},"end":{"line":48,"column":2}},"loc":{"start":{"line":42,"column":16},"end":{"line":48,"column":2}},"line":42},"3":{"name":"Splash","decl":{"start":{"line":54,"column":8},"end":{"line":57,"column":2}},"loc":{"start":{"line":54,"column":8},"end":{"line":57,"column":2}},"line":54},"4":{"name":"getNSContentElement","decl":{"start":{"line":62,"column":8},"end":{"line":64,"column":2}},"loc":{"start":{"line":62,"column":8},"end":{"line":64,"column":2}},"line":62},"5":{"name":"getNSTextElement","decl":{"start":{"line":69,"column":8},"end":{"line":71,"column":2}},"loc":{"start":{"line":69,"column":8},"end":{"line":71,"column":2}},"line":69},"6":{"name":"getId","decl":{"start":{"line":76,"column":8},"end":{"line":78,"column":2}},"loc":{"start":{"line":76,"column":8},"end":{"line":78,"column":2}},"line":76},"7":{"name":"getNSElement","decl":{"start":{"line":83,"column":8},"end":{"line":85,"column":2}},"loc":{"start":{"line":83,"column":8},"end":{"line":85,"column":2}},"line":83},"8":{"name":"setText","decl":{"start":{"line":90,"column":8},"end":{"line":94,"column":2}},"loc":{"start":{"line":90,"column":8},"end":{"line":94,"column":2}},"line":90},"9":{"name":"showText","decl":{"start":{"line":99,"column":8},"end":{"line":102,"column":2}},"loc":{"start":{"line":99,"column":8},"end":{"line":102,"column":2}},"line":99},"10":{"name":"hideText","decl":{"start":{"line":107,"column":8},"end":{"line":110,"column":2}},"loc":{"start":{"line":107,"column":8},"end":{"line":110,"column":2}},"line":107},"11":{"name":"remove","decl":{"start":{"line":115,"column":8},"end":{"line":121,"column":2}},"loc":{"start":{"line":115,"column":8},"end":{"line":121,"column":2}},"line":115}},"f":{"0":20,"1":4,"2":20,"3":20,"4":54,"5":53,"6":40,"7":85,"8":22,"9":10,"10":15,"11":10}}
}
