TN:
SF:src/iife.ts
FN:1,(empty-report)
FNF:1
FNH:0
FNDA:0,(empty-report)
DA:1,0
DA:3,0
DA:4,0
DA:5,0
LF:4
LH:0
BRDA:1,0,0,0
BRF:1
BRH:0
end_of_record
TN:
SF:src/composables/ns.ts
FN:21,useNs
FN:25,getAllNs
FN:31,makeNs
FN:47,nsQueue
FN:53,peekNsQueue
FN:60,setNsText
FN:72,setNsParent
FN:79,getNsInside
FN:91,show
FN:113,removeNs
FN:122,findNs
FN:130,hide
FN:139,injectStyle
FNF:13
FNH:13
FNDA:11,useNs
FNDA:3,getAllNs
FNDA:9,makeNs
FNDA:1,nsQueue
FNDA:1,peekNsQueue
FNDA:11,setNsText
FNDA:9,setNsParent
FNDA:11,getNsInside
FNDA:11,show
FNDA:3,removeNs
FNDA:1,findNs
FNDA:3,hide
FNDA:11,injectStyle
DA:1,1
DA:5,1
DA:15,1
DA:19,1
DA:21,1
DA:25,11
DA:26,3
DA:31,11
DA:32,9
DA:33,9
DA:34,9
DA:35,9
DA:36,9
DA:37,9
DA:38,9
DA:39,9
DA:40,9
DA:41,9
DA:42,9
DA:47,11
DA:48,1
DA:53,11
DA:60,11
DA:61,11
DA:62,11
DA:63,10
DA:64,10
DA:65,11
DA:72,11
DA:73,9
DA:74,9
DA:75,9
DA:76,9
DA:77,9
DA:79,11
DA:80,11
DA:81,11
DA:82,8
DA:83,11
DA:84,11
DA:91,11
DA:92,11
DA:93,11
DA:94,11
DA:95,11
DA:96,2
DA:97,11
DA:98,9
DA:99,9
DA:100,9
DA:101,11
DA:102,11
DA:103,6
DA:104,6
DA:105,6
DA:106,11
DA:107,11
DA:113,11
DA:114,3
DA:115,3
DA:116,3
DA:122,11
DA:123,1
DA:130,11
DA:131,3
DA:132,3
DA:133,2
DA:134,3
DA:139,11
DA:140,11
DA:141,11
DA:142,11
DA:143,11
DA:144,11
DA:145,11
DA:147,11
DA:149,11
DA:150,11
DA:151,11
DA:152,11
DA:153,11
DA:154,11
LF:82
LH:82
BRDA:21,0,0,11
BRDA:25,1,0,3
BRDA:31,2,0,9
BRDA:47,3,0,1
BRDA:48,4,0,1
BRDA:53,5,0,1
BRDA:53,6,0,0
BRDA:60,7,0,11
BRDA:62,8,0,1
BRDA:62,9,0,10
BRDA:72,10,0,9
BRDA:74,11,0,4
BRDA:79,12,0,11
BRDA:81,13,0,8
BRDA:91,14,0,11
BRDA:92,15,0,5
BRDA:92,16,0,0
BRDA:92,17,0,6
BRDA:95,18,0,2
BRDA:97,19,0,9
BRDA:101,20,0,1
BRDA:102,21,0,6
BRDA:113,22,0,3
BRDA:122,23,0,1
BRDA:123,24,0,0
BRDA:123,25,0,1
BRDA:130,26,0,3
BRDA:132,27,0,1
BRDA:132,28,0,2
BRDA:133,29,0,1
BRDA:133,30,0,1
BRDA:139,31,0,11
BRDA:140,32,0,1
BRF:33
BRH:30
end_of_record
TN:
SF:src/constants/ns.ts
FNF:0
FNH:0
DA:1,1
DA:2,1
DA:3,1
DA:4,1
DA:5,1
DA:6,1
DA:8,1
DA:9,1
DA:10,1
DA:11,1
DA:12,1
DA:13,1
LF:12
LH:12
BRF:0
BRH:0
end_of_record
TN:
SF:src/interfaces/INSElement.ts
FN:1,(empty-report)
FNF:1
FNH:1
FNDA:1,(empty-report)
LF:0
LH:0
BRDA:1,0,0,1
BRF:1
BRH:1
end_of_record
TN:
SF:src/interfaces/INanosplash.ts
FN:1,(empty-report)
FNF:1
FNH:1
FNDA:1,(empty-report)
LF:0
LH:0
BRDA:1,0,0,1
BRF:1
BRH:1
end_of_record
TN:
SF:src/utils/dom-utils.ts
FN:8,doc
FN:13,bod
FN:20,toArray
FN:27,all
FN:35,first
FN:42,parseRef
FN:50,div
FN:64,parseHtml
FNF:8
FNH:8
FNDA:76,doc
FNDA:34,bod
FNDA:41,toArray
FNDA:30,all
FNDA:27,first
FNDA:5,parseRef
FNDA:57,div
FNDA:20,parseHtml
DA:8,1
DA:13,1
DA:14,34
DA:20,1
DA:27,1
DA:28,30
DA:35,1
DA:36,27
DA:42,1
DA:43,5
DA:50,1
DA:51,57
DA:52,57
DA:53,57
DA:54,57
DA:55,57
DA:56,57
DA:57,57
DA:58,57
DA:64,1
DA:65,20
DA:66,20
DA:67,20
DA:68,20
LF:24
LH:24
BRDA:8,0,0,76
BRDA:13,1,0,34
BRDA:20,2,0,41
BRDA:27,3,0,30
BRDA:35,4,0,27
BRDA:36,5,0,10
BRDA:42,6,0,5
BRDA:43,7,0,0
BRDA:50,8,0,57
BRDA:55,9,0,37
BRDA:64,10,0,20
BRF:11
BRH:10
end_of_record
