TN:
SF:package.json
FNF:0
FNH:0
LF:0
LH:0
BRF:0
BRH:0
end_of_record
TN:
SF:src/composables/ns.ts
FN:21,(anonymous_0)
FN:25,(anonymous_1)
FN:31,(anonymous_2)
FN:47,(anonymous_3)
FN:48,(anonymous_4)
FN:53,(anonymous_5)
FN:60,(anonymous_6)
FN:72,(anonymous_7)
FN:79,(anonymous_8)
FN:81,(anonymous_9)
FN:91,(anonymous_10)
FN:113,(anonymous_11)
FN:122,(anonymous_12)
FN:123,(anonymous_13)
FN:130,(anonymous_14)
FN:139,(anonymous_15)
FNF:16
FNH:16
FNDA:11,(anonymous_0)
FNDA:3,(anonymous_1)
FNDA:9,(anonymous_2)
FNDA:1,(anonymous_3)
FNDA:1,(anonymous_4)
FNDA:1,(anonymous_5)
FNDA:11,(anonymous_6)
FNDA:9,(anonymous_7)
FNDA:11,(anonymous_8)
FNDA:8,(anonymous_9)
FNDA:11,(anonymous_10)
FNDA:3,(anonymous_11)
FNDA:1,(anonymous_12)
FNDA:1,(anonymous_13)
FNDA:3,(anonymous_14)
FNDA:11,(anonymous_15)
DA:21,1
DA:25,3
DA:31,11
DA:33,9
DA:34,9
DA:35,9
DA:40,9
DA:41,9
DA:47,11
DA:48,1
DA:53,11
DA:60,11
DA:61,11
DA:62,11
DA:63,10
DA:64,10
DA:72,11
DA:73,9
DA:74,9
DA:75,9
DA:76,9
DA:79,11
DA:80,11
DA:81,11
DA:82,8
DA:91,11
DA:92,11
DA:94,11
DA:95,11
DA:96,2
DA:98,9
DA:99,9
DA:101,11
DA:102,11
DA:103,6
DA:104,6
DA:106,11
DA:113,11
DA:114,3
DA:115,3
DA:122,11
DA:123,1
DA:130,11
DA:131,3
DA:132,3
DA:133,2
DA:139,11
DA:140,11
DA:141,11
DA:144,11
DA:147,11
DA:149,11
LF:52
LH:52
BRDA:53,0,0,1
BRDA:53,0,1,0
BRDA:62,1,0,1
BRDA:62,1,1,10
BRDA:74,2,0,4
BRDA:74,2,1,5
BRDA:92,3,0,5
BRDA:92,3,1,6
BRDA:92,4,0,5
BRDA:92,4,1,0
BRDA:95,5,0,2
BRDA:95,5,1,9
BRDA:101,6,0,11
BRDA:101,6,1,1
BRDA:102,7,0,6
BRDA:102,7,1,5
BRDA:123,8,0,1
BRDA:123,8,1,0
BRDA:132,9,0,1
BRDA:132,9,1,2
BRDA:133,10,0,1
BRDA:133,10,1,1
BRF:22
BRH:19
end_of_record
TN:
SF:src/constants/ns.ts
FNF:0
FNH:0
DA:1,1
DA:8,1
LF:2
LH:2
BRF:0
BRH:0
end_of_record
TN:
SF:src/style/ns.css
FNF:0
FNH:0
LF:0
LH:0
BRF:0
BRH:0
end_of_record
TN:
SF:src/utils/dom-utils.ts
FN:8,(anonymous_0)
FN:13,(anonymous_1)
FN:20,(anonymous_2)
FN:27,(anonymous_3)
FN:35,(anonymous_4)
FN:42,(anonymous_5)
FN:50,(anonymous_6)
FN:64,(anonymous_7)
FNF:8
FNH:8
FNDA:76,(anonymous_0)
FNDA:34,(anonymous_1)
FNDA:41,(anonymous_2)
FNDA:30,(anonymous_3)
FNDA:27,(anonymous_4)
FNDA:5,(anonymous_5)
FNDA:57,(anonymous_6)
FNDA:20,(anonymous_7)
DA:8,76
DA:13,1
DA:14,34
DA:20,41
DA:27,1
DA:28,30
DA:35,1
DA:36,27
DA:42,1
DA:43,5
DA:50,1
DA:54,57
DA:55,57
DA:56,57
DA:57,57
DA:64,1
DA:65,20
DA:66,20
DA:67,20
LF:19
LH:19
BRDA:36,0,0,27
BRDA:36,0,1,10
BRDA:43,1,0,0
BRDA:43,1,1,5
BRDA:55,2,0,37
BRDA:55,2,1,20
BRF:6
BRH:5
end_of_record
